#
# A fatal error has been detected by the Java Runtime Environment:
#
#  EXCEPTION_ACCESS_VIOLATION (0xc0000005) at pc=0x00007ffd4d471a86, pid=4736, tid=18628
#
# JRE version: OpenJDK Runtime Environment (11.0.12+7) (build 11.0.12+7-b1504.28-7817840)
# Java VM: OpenJDK 64-Bit Server VM (11.0.12+7-b1504.28-7817840, mixed mode, tiered, compressed oops, g1 gc, windows-amd64)
# Problematic frame:
# V  [jvm.dll+0x191a86]
#
# No core dump will be written. Minidumps are not enabled by default on client versions of Windows
#
# If you would like to submit a bug report, please visit:
#   https://bugreport.java.com/bugreport/crash.jsp
#

---------------  S U M M A R Y ------------

Command Line: --add-opens=java.base/java.util=ALL-UNNAMED --add-opens=java.base/java.lang=ALL-UNNAMED --add-opens=java.base/java.lang.invoke=ALL-UNNAMED --add-opens=java.base/java.util=ALL-UNNAMED --add-opens=java.prefs/java.util.prefs=ALL-UNNAMED --add-opens=java.prefs/java.util.prefs=ALL-UNNAMED --add-opens=java.base/java.nio.charset=ALL-UNNAMED --add-opens=java.base/java.net=ALL-UNNAMED --add-opens=java.base/java.util.concurrent.atomic=ALL-UNNAMED -Xmx2048m -Dfile.encoding=UTF-8 -Duser.country=US -Duser.language=en -Duser.variant org.gradle.launcher.daemon.bootstrap.GradleDaemon 7.3.3

Host: AMD Ryzen 5 3500U with Radeon Vega Mobile Gfx  , 8 cores, 5G,  Windows 10 , 64 bit Build 22000 (10.0.22000.708)
Time: Mon Aug 29 10:34:35 2022 Central Daylight Time elapsed time: 787.323079 seconds (0d 0h 13m 7s)

---------------  T H R E A D  ---------------

Current thread (0x000001e01c63f000):  GCTaskThread "GC Thread#2" [stack: 0x00000076cdd00000,0x00000076cde00000] [id=18628]

Stack: [0x00000076cdd00000,0x00000076cde00000],  sp=0x00000076cddff5e8,  free space=1021k
Native frames: (J=compiled Java code, j=interpreted, Vv=VM code, C=native code)
V  [jvm.dll+0x191a86]


siginfo: EXCEPTION_ACCESS_VIOLATION (0xc0000005), reading address 0x0000000000000008


Register to memory mapping:

RIP=0x00007ffd4d471a86 jvm.dll
RAX=0x0000000000000001 is an unknown value
RBX=0x0000000089fe0e64 is pointing into object: java.lang.String 
{0x0000000089fe0e58} - klass: 'java/lang/String'
RCX=0x000000008a7dfea0 is pointing into object: [Ljava.util.HashMap$Node; 
{0x000000008a7dfdd0} - klass: 'java/util/HashMap$Node'[]
 - length: 64
RDX=0x000000008a7dfea0 is pointing into object: [Ljava.util.HashMap$Node; 
{0x000000008a7dfdd0} - klass: 'java/util/HashMap$Node'[]
 - length: 64
RSP=0x00000076cddff5e8 points into unknown readable memory: 0x00007ffd4d5e725c | 5c 72 5e 4d fd 7f 00 00
RBP=0x0 is NULL
RSI=0x000001e023819910 points into unknown readable memory: 0x00007ffd4db144e8 | e8 44 b1 4d fd 7f 00 00
RDI=0x000001e023819910 points into unknown readable memory: 0x00007ffd4db144e8 | e8 44 b1 4d fd 7f 00 00
R8 =0x000000008a7dfea0 is pointing into object: [Ljava.util.HashMap$Node; 
{0x000000008a7dfdd0} - klass: 'java/util/HashMap$Node'[]
 - length: 64
R9 =0x0 is NULL
R10=0x000000008a7dfea0 is pointing into object: [Ljava.util.HashMap$Node; 
{0x000000008a7dfdd0} - klass: 'java/util/HashMap$Node'[]
 - length: 64
R11=0x000001e023819a80 points into unknown readable memory: 0x00007ffd4db144a0 | a0 44 b1 4d fd 7f 00 00
R12=0x0 is NULL
R13=0x0000000000000001 is an unknown value
R14=0x000001e07fcacc00 points into unknown readable memory: 0x00000ff300001895 | 95 18 00 00 f3 0f 00 00
R15=0x000000008a7dfea0 is pointing into object: [Ljava.util.HashMap$Node; 
{0x000000008a7dfdd0} - klass: 'java/util/HashMap$Node'[]
 - length: 64


Registers:
RAX=0x0000000000000001, RBX=0x0000000089fe0e64, RCX=0x000000008a7dfea0, RDX=0x000000008a7dfea0
RSP=0x00000076cddff5e8, RBP=0x0000000000000000, RSI=0x000001e023819910, RDI=0x000001e023819910
R8 =0x000000008a7dfea0, R9 =0x0000000000000000, R10=0x000000008a7dfea0, R11=0x000001e023819a80
R12=0x0000000000000000, R13=0x0000000000000001, R14=0x000001e07fcacc00, R15=0x000000008a7dfea0
RIP=0x00007ffd4d471a86, EFLAGS=0x0000000000010246

Top of Stack: (sp=0x00000076cddff5e8)
0x00000076cddff5e8:   00007ffd4d5e725c 0000000089fe0e01
0x00000076cddff5f8:   0000000000000005 000001e023819910
0x00000076cddff608:   0000000089fb25e5 000001e07fcacb80
0x00000076cddff618:   000001e023941d62 0000000323819a80
0x00000076cddff628:   000000000000000d 0000000000000001
0x00000076cddff638:   000001e023819910 0000000000000040
0x00000076cddff648:   000001e07fcacc00 0000000000000000
0x00000076cddff658:   000001e023819910 00000076cddff801
0x00000076cddff668:   00007ffd4d5b9052 000001e023819910
0x00000076cddff678:   00000076cddff701 0000000000000080
0x00000076cddff688:   0000000089fe0e64 000001e07fcacb80
0x00000076cddff698:   00007ffd4d5e57ab 0000000000001895
0x00000076cddff6a8:   000000000000181d 00000076cddff801
0x00000076cddff6b8:   000000008835d600 0000000000000083
0x00000076cddff6c8:   0000000000000000 0000000000000000
0x00000076cddff6d8:   00007ffd4d8d5ccf 00000076cddff780 

Instructions: (pc=0x00007ffd4d471a86)
0x00007ffd4d471986:   48 89 5c 24 20 e8 f0 00 00 00 80 7f 30 00 48 63
0x00007ffd4d471996:   c8 48 89 4c 24 28 0f 28 44 24 20 74 17 0f 11 86
0x00007ffd4d4719a6:   98 03 00 00 48 8b 5c 24 40 48 8b 74 24 48 48 83
0x00007ffd4d4719b6:   c4 30 5f c3 48 8b 07 48 8d 54 24 20 48 8b cf 66
0x00007ffd4d4719c6:   0f 7f 44 24 20 ff 50 38 48 8b 5c 24 40 48 8b 74
0x00007ffd4d4719d6:   24 48 48 83 c4 30 5f c3 cc cc 40 53 48 83 ec 30
0x00007ffd4d4719e6:   0f 10 82 98 03 00 00 48 8b da 0f 10 c8 66 0f 73
0x00007ffd4d4719f6:   d9 08 66 48 0f 7e c8 48 85 c0 74 28 48 8b 01 48
0x00007ffd4d471a06:   8d 54 24 20 0f 29 44 24 20 ff 50 40 33 c0 48 89
0x00007ffd4d471a16:   44 24 20 48 89 44 24 28 0f 10 44 24 20 0f 11 83
0x00007ffd4d471a26:   98 03 00 00 48 83 c4 30 5b c3 48 8b 49 38 48 8b
0x00007ffd4d471a36:   01 48 ff 60 28 cc cc cc cc cc 80 3d 91 a6 87 00
0x00007ffd4d471a46:   00 48 8b c1 74 1b 8b 51 08 8b 0d 83 13 83 00 48
0x00007ffd4d471a56:   d3 e2 48 8b c8 48 03 15 6e 13 83 00 e9 19 00 00
0x00007ffd4d471a66:   00 48 8b 51 08 48 8b c8 e9 0d 00 00 00 cc cc cc
0x00007ffd4d471a76:   cc cc cc cc cc cc cc cc cc cc 4c 8b ca 48 8b d1
0x00007ffd4d471a86:   45 8b 41 08 45 85 c0 7e 0e 41 f6 c0 01 75 59 41
0x00007ffd4d471a96:   c1 f8 03 41 8b c0 c3 79 4f 80 3d 32 a6 87 00 00
0x00007ffd4d471aa6:   b8 0c 00 00 00 b9 10 00 00 00 0f 45 c8 8b 05 ab
0x00007ffd4d471ab6:   5c 81 00 ff c8 4c 63 c8 48 63 c1 41 8b c8 83 e1
0x00007ffd4d471ac6:   3f 48 63 14 10 41 8b c0 48 c1 f8 10 0f b6 c0 48
0x00007ffd4d471ad6:   d3 e2 49 8d 0c 11 49 f7 d1 48 03 c1 49 c1 e9 03
0x00007ffd4d471ae6:   48 c1 e8 03 41 23 c1 c3 49 8b 01 49 8b c9 48 ff
0x00007ffd4d471af6:   a0 10 01 00 00 cc cc cc cc cc 48 83 ec 38 0f 10
0x00007ffd4d471b06:   02 48 8b 49 38 48 8d 54 24 20 0f 29 44 24 20 e8
0x00007ffd4d471b16:   66 f0 ff ff 48 83 c4 38 c3 cc 48 89 5c 24 08 55
0x00007ffd4d471b26:   56 57 41 54 41 55 41 56 41 57 48 8d 6c 24 e0 48
0x00007ffd4d471b36:   81 ec 20 01 00 00 48 8b 05 7d 99 84 00 48 33 c4
0x00007ffd4d471b46:   48 89 45 10 48 8b 05 ff 0f 87 00 45 33 ed 4c 8b
0x00007ffd4d471b56:   b5 80 00 00 00 4c 8b fa 48 8b bd 88 00 00 00 4d
0x00007ffd4d471b66:   8b c6 49 8b d6 49 8b f1 48 8b 48 38 48 8b 59 48
0x00007ffd4d471b76:   49 8b cf c7 45 c0 ff ff ff ff 44 89 6d d4 4c 89 


Stack slot to memory mapping:
stack at sp + 0 slots: 0x00007ffd4d5e725c jvm.dll
stack at sp + 1 slots: 0x0000000089fe0e01 is pointing into object: [B 
{0x0000000089fe0dc8} - klass: {type array byte}
 - length: 42
stack at sp + 2 slots: 0x0000000000000005 is an unknown value
stack at sp + 3 slots: 0x000001e023819910 points into unknown readable memory: 0x00007ffd4db144e8 | e8 44 b1 4d fd 7f 00 00
stack at sp + 4 slots: 0x0000000089fb25e5 is pointing into object: [Ljava.util.HashMap$Node; 
{0x0000000089fb23d8} - klass: 'java/util/HashMap$Node'[]
 - length: 128
stack at sp + 5 slots: 0x000001e07fcacb80 points into unknown readable memory: 0x0000000000001895 | 95 18 00 00 00 00 00 00
stack at sp + 6 slots: 0x000001e023941d62 points into unknown readable memory: ff ff 84 00 00 00
stack at sp + 7 slots: 0x0000000323819a80 is an unknown value


---------------  P R O C E S S  ---------------

Threads class SMR info:
_java_thread_list=0x000001e025c4e770, length=134, elements={
0x000001e07fc92800, 0x000001e01abab000, 0x000001e01abb0800, 0x000001e01b552800,
0x000001e01abcc800, 0x000001e01abcd800, 0x000001e01abd3800, 0x000001e01abd5000,
0x000001e01abdb800, 0x000001e01b69b800, 0x000001e01da80000, 0x000001e01c183800,
0x000001e01c2d2800, 0x000001e01b954800, 0x000001e01b955000, 0x000001e01b85d000,
0x000001e01b85b800, 0x000001e01b859800, 0x000001e01b85a800, 0x000001e01b85c000,
0x000001e01b85e800, 0x000001e01b859000, 0x000001e01b863800, 0x000001e01b85f800,
0x000001e01b860000, 0x000001e01b862000, 0x000001e01b866000, 0x000001e01b862800,
0x000001e01f7b8000, 0x000001e01f7bb000, 0x000001e01f7ba000, 0x000001e01f7be800,
0x000001e01f7bd800, 0x000001e01f7bc000, 0x000001e01f7bc800, 0x000001e01f7b8800,
0x000001e01f7b9800, 0x000001e01f7c4000, 0x000001e01f7c3000, 0x000001e01f7c0000,
0x000001e01f7c5000, 0x000001e01f7c5800, 0x000001e01f7c6800, 0x000001e01f7c1000,
0x000001e01b956000, 0x000001e01b959800, 0x000001e01b957800, 0x000001e01b957000,
0x000001e01b953800, 0x000001e01b958800, 0x000001e01b95a000, 0x000001e01b85e000,
0x000001e01b866800, 0x000001e01b861000, 0x000001e01b865000, 0x000001e028c09800,
0x000001e028c08800, 0x000001e028c07000, 0x000001e028c05800, 0x000001e028c0c000,
0x000001e028c06800, 0x000001e028c0d000, 0x000001e028c0d800, 0x000001e028c08000,
0x000001e028c0e800, 0x000001e028c10000, 0x000001e028c0f800, 0x000001e028c0a800,
0x000001e028c11000, 0x000001e028c0b000, 0x000001e028c11800, 0x000001e028c12800,
0x000001e028c13800, 0x000001e028c14000, 0x000001e028e87000, 0x000001e028e8a000,
0x000001e028e89800, 0x000001e028e87800, 0x000001e028e8b000, 0x000001e028e85000,
0x000001e028e8b800, 0x000001e028e86000, 0x000001e028e8c800, 0x000001e028e8e000,
0x000001e028e8d800, 0x000001e028e88800, 0x000001e028e92000, 0x000001e028e93000,
0x000001e028e94000, 0x000001e028e8f000, 0x000001e028e90000, 0x000001e028e90800,
0x000001e028e91800, 0x000001e02a136800, 0x000001e02a137000, 0x000001e02a134800,
0x000001e02a138000, 0x000001e02a135800, 0x000001e02a132800, 0x000001e02a139000,
0x000001e02a133000, 0x000001e02a139800, 0x000001e02a134000, 0x000001e02a13d800,
0x000001e02a13e800, 0x000001e02a13a800, 0x000001e02a13b800, 0x000001e02a13f800,
0x000001e02a140000, 0x000001e02a141000, 0x000001e02a13c000, 0x000001e02a13d000,
0x000001e0282fa800, 0x000001e0282fd800, 0x000001e0282fc000, 0x000001e0282f8000,
0x000001e0282f9800, 0x000001e0282fc800, 0x000001e0282fb000, 0x000001e0282fe800,
0x000001e0282f8800, 0x000001e028301800, 0x000001e028304000, 0x000001e028301000,
0x000001e0282ff000, 0x000001e028305800, 0x000001e028300000, 0x000001e028302800,
0x000001e028305000, 0x000001e028306800, 0x000001e02596e800, 0x000001e0213ef000,
0x000001e02596d800, 0x000001e025973800
}

Java Threads: ( => current thread )
  0x000001e07fc92800 JavaThread "main" [_thread_blocked, id=19872, stack(0x00000076cc900000,0x00000076cca00000)]
  0x000001e01abab000 JavaThread "Reference Handler" daemon [_thread_blocked, id=15708, stack(0x00000076cd000000,0x00000076cd100000)]
  0x000001e01abb0800 JavaThread "Finalizer" daemon [_thread_blocked, id=19880, stack(0x00000076cd100000,0x00000076cd200000)]
  0x000001e01b552800 JavaThread "Signal Dispatcher" daemon [_thread_blocked, id=19756, stack(0x00000076cd200000,0x00000076cd300000)]
  0x000001e01abcc800 JavaThread "Attach Listener" daemon [_thread_blocked, id=10584, stack(0x00000076cd300000,0x00000076cd400000)]
  0x000001e01abcd800 JavaThread "Service Thread" daemon [_thread_blocked, id=16836, stack(0x00000076cd400000,0x00000076cd500000)]
  0x000001e01abd3800 JavaThread "C2 CompilerThread0" daemon [_thread_blocked, id=18508, stack(0x00000076cd500000,0x00000076cd600000)]
  0x000001e01abd5000 JavaThread "C1 CompilerThread0" daemon [_thread_blocked, id=20272, stack(0x00000076cd600000,0x00000076cd700000)]
  0x000001e01abdb800 JavaThread "Sweeper thread" daemon [_thread_blocked, id=13576, stack(0x00000076cd700000,0x00000076cd800000)]
  0x000001e01b69b800 JavaThread "Common-Cleaner" daemon [_thread_blocked, id=9848, stack(0x00000076cd800000,0x00000076cd900000)]
  0x000001e01da80000 JavaThread "Daemon health stats" [_thread_blocked, id=19552, stack(0x00000076cdc00000,0x00000076cdd00000)]
  0x000001e01c183800 JavaThread "Incoming local TCP Connector on port 50456" [_thread_in_native, id=3584, stack(0x00000076cdb00000,0x00000076cdc00000)]
  0x000001e01c2d2800 JavaThread "Daemon periodic checks" [_thread_blocked, id=9656, stack(0x00000076cdf00000,0x00000076ce000000)]
  0x000001e01b954800 JavaThread "Cache worker for journal cache (C:\Users\17134\.gradle\caches\journal-1)" [_thread_blocked, id=17720, stack(0x00000076ce700000,0x00000076ce800000)]
  0x000001e01b955000 JavaThread "File lock request listener" [_thread_in_native, id=13536, stack(0x00000076ce800000,0x00000076ce900000)]
  0x000001e01b85d000 JavaThread "Cache worker for file hash cache (C:\Users\17134\.gradle\caches\7.3.3\fileHashes)" [_thread_blocked, id=18264, stack(0x00000076cee00000,0x00000076cef00000)]
  0x000001e01b85b800 JavaThread "File watcher server" daemon [_thread_blocked, id=14340, stack(0x00000076cf000000,0x00000076cf100000)]
  0x000001e01b859800 JavaThread "File watcher consumer" daemon [_thread_blocked, id=13640, stack(0x00000076cf100000,0x00000076cf200000)]
  0x000001e01b85a800 JavaThread "jar transforms" [_thread_blocked, id=14012, stack(0x00000076cf200000,0x00000076cf300000)]
  0x000001e01b85c000 JavaThread "jar transforms Thread 2" [_thread_blocked, id=1488, stack(0x00000076cf300000,0x00000076cf400000)]
  0x000001e01b85e800 JavaThread "jar transforms Thread 3" [_thread_blocked, id=20124, stack(0x00000076cf400000,0x00000076cf500000)]
  0x000001e01b859000 JavaThread "jar transforms Thread 4" [_thread_blocked, id=13400, stack(0x00000076cf500000,0x00000076cf600000)]
  0x000001e01b863800 JavaThread "jar transforms Thread 5" [_thread_blocked, id=16564, stack(0x00000076cf600000,0x00000076cf700000)]
  0x000001e01b85f800 JavaThread "jar transforms Thread 6" [_thread_blocked, id=9736, stack(0x00000076cf700000,0x00000076cf800000)]
  0x000001e01b860000 JavaThread "jar transforms Thread 7" [_thread_blocked, id=15824, stack(0x00000076cf800000,0x00000076cf900000)]
  0x000001e01b862000 JavaThread "jar transforms Thread 8" [_thread_blocked, id=13224, stack(0x00000076cf900000,0x00000076cfa00000)]
  0x000001e01b866000 JavaThread "Cache worker for execution history cache (C:\Users\17134\.gradle\caches\7.3.3\executionHistory)" [_thread_blocked, id=12964, stack(0x00000076cfd00000,0x00000076cfe00000)]
  0x000001e01b862800 JavaThread "Cache worker for file content cache (C:\Users\17134\.gradle\caches\7.3.3\fileContent)" [_thread_blocked, id=3080, stack(0x00000076cfe00000,0x00000076cff00000)]
  0x000001e01f7b8000 JavaThread "Memory manager" [_thread_blocked, id=11880, stack(0x00000076d5100000,0x00000076d5200000)]
  0x000001e01f7bb000 JavaThread "Daemon Thread 2" [_thread_blocked, id=3008, stack(0x00000076cc600000,0x00000076cc700000)]
  0x000001e01f7ba000 JavaThread "Handler for socket connection from /127.0.0.1:50456 to /127.0.0.1:50646" [_thread_in_native, id=10040, stack(0x00000076cc700000,0x00000076cc800000)]
  0x000001e01f7be800 JavaThread "Cancel handler" [_thread_blocked, id=17584, stack(0x00000076cc800000,0x00000076cc900000)]
  0x000001e01f7bd800 JavaThread "Daemon worker Thread 2" [_thread_blocked, id=19100, stack(0x00000076ce000000,0x00000076ce100000)]
  0x000001e01f7bc000 JavaThread "Asynchronous log dispatcher for DefaultDaemonConnection: socket connection from /127.0.0.1:50456 to /127.0.0.1:50646" [_thread_blocked, id=7448, stack(0x00000076ce100000,0x00000076ce200000)]
  0x000001e01f7bc800 JavaThread "Stdin handler" [_thread_blocked, id=13748, stack(0x00000076ce200000,0x00000076ce300000)]
  0x000001e01f7b8800 JavaThread "Daemon client event forwarder" [_thread_blocked, id=5636, stack(0x00000076ce300000,0x00000076ce400000)]
  0x000001e01f7b9800 JavaThread "Cache worker for file hash cache (C:\Users\17134\AndroidStudioProjects\FlixsterApplication\.gradle\7.3.3\fileHashes)" [_thread_blocked, id=4248, stack(0x00000076ce400000,0x00000076ce500000)]
  0x000001e01f7c4000 JavaThread "Cache worker for checksums cache (C:\Users\17134\AndroidStudioProjects\FlixsterApplication\.gradle\7.3.3\checksums)" [_thread_blocked, id=7396, stack(0x00000076ce600000,0x00000076ce700000)]
  0x000001e01f7c3000 JavaThread "Cache worker for cache directory md-supplier (C:\Users\17134\.gradle\caches\7.3.3\md-supplier)" [_thread_blocked, id=9164, stack(0x00000076cef00000,0x00000076cf000000)]
  0x000001e01f7c0000 JavaThread "Cache worker for cache directory md-rule (C:\Users\17134\.gradle\caches\7.3.3\md-rule)" [_thread_blocked, id=19480, stack(0x00000076cfa00000,0x00000076cfb00000)]
  0x000001e01f7c5000 JavaThread "Cache worker for dependencies-accessors (C:\Users\17134\AndroidStudioProjects\FlixsterApplication\.gradle\7.3.3\dependencies-accessors)" [_thread_blocked, id=19956, stack(0x00000076cfb00000,0x00000076cfc00000)]
  0x000001e01f7c5800 JavaThread "Cache worker for Build Output Cleanup Cache (C:\Users\17134\AndroidStudioProjects\FlixsterApplication\.gradle\buildOutputCleanup)" [_thread_blocked, id=2896, stack(0x00000076cfc00000,0x00000076cfd00000)]
  0x000001e01f7c6800 JavaThread "Unconstrained build operations" [_thread_blocked, id=2516, stack(0x00000076cff00000,0x00000076d0000000)]
  0x000001e01f7c1000 JavaThread "Unconstrained build operations Thread 2" [_thread_blocked, id=17920, stack(0x00000076d0000000,0x00000076d0100000)]
  0x000001e01b956000 JavaThread "Unconstrained build operations Thread 3" [_thread_blocked, id=14640, stack(0x00000076d0100000,0x00000076d0200000)]
  0x000001e01b959800 JavaThread "Unconstrained build operations Thread 4" [_thread_blocked, id=13500, stack(0x00000076d0200000,0x00000076d0300000)]
  0x000001e01b957800 JavaThread "Unconstrained build operations Thread 5" [_thread_blocked, id=5784, stack(0x00000076d0300000,0x00000076d0400000)]
  0x000001e01b957000 JavaThread "Unconstrained build operations Thread 6" [_thread_blocked, id=16676, stack(0x00000076d0400000,0x00000076d0500000)]
  0x000001e01b953800 JavaThread "Unconstrained build operations Thread 7" [_thread_blocked, id=17424, stack(0x00000076d0500000,0x00000076d0600000)]
  0x000001e01b958800 JavaThread "Unconstrained build operations Thread 8" [_thread_blocked, id=14368, stack(0x00000076d0600000,0x00000076d0700000)]
  0x000001e01b95a000 JavaThread "Unconstrained build operations Thread 9" [_thread_blocked, id=10752, stack(0x00000076d0700000,0x00000076d0800000)]
  0x000001e01b85e000 JavaThread "Unconstrained build operations Thread 10" [_thread_blocked, id=20044, stack(0x00000076d0800000,0x00000076d0900000)]
  0x000001e01b866800 JavaThread "Unconstrained build operations Thread 11" [_thread_blocked, id=6640, stack(0x00000076d0900000,0x00000076d0a00000)]
  0x000001e01b861000 JavaThread "Unconstrained build operations Thread 12" [_thread_blocked, id=3012, stack(0x00000076d0a00000,0x00000076d0b00000)]
  0x000001e01b865000 JavaThread "Unconstrained build operations Thread 13" [_thread_blocked, id=12792, stack(0x00000076d0b00000,0x00000076d0c00000)]
  0x000001e028c09800 JavaThread "Unconstrained build operations Thread 14" [_thread_blocked, id=20136, stack(0x00000076d0c00000,0x00000076d0d00000)]
  0x000001e028c08800 JavaThread "Unconstrained build operations Thread 15" [_thread_blocked, id=9684, stack(0x00000076d0d00000,0x00000076d0e00000)]
  0x000001e028c07000 JavaThread "Unconstrained build operations Thread 16" [_thread_blocked, id=19516, stack(0x00000076d0e00000,0x00000076d0f00000)]
  0x000001e028c05800 JavaThread "Unconstrained build operations Thread 17" [_thread_blocked, id=15596, stack(0x00000076d0f00000,0x00000076d1000000)]
  0x000001e028c0c000 JavaThread "Unconstrained build operations Thread 18" [_thread_blocked, id=13520, stack(0x00000076d1000000,0x00000076d1100000)]
  0x000001e028c06800 JavaThread "Unconstrained build operations Thread 19" [_thread_blocked, id=17844, stack(0x00000076d1100000,0x00000076d1200000)]
  0x000001e028c0d000 JavaThread "Unconstrained build operations Thread 20" [_thread_blocked, id=3136, stack(0x00000076d1200000,0x00000076d1300000)]
  0x000001e028c0d800 JavaThread "Unconstrained build operations Thread 21" [_thread_blocked, id=3988, stack(0x00000076d1300000,0x00000076d1400000)]
  0x000001e028c08000 JavaThread "Unconstrained build operations Thread 22" [_thread_blocked, id=13088, stack(0x00000076d1400000,0x00000076d1500000)]
  0x000001e028c0e800 JavaThread "Unconstrained build operations Thread 23" [_thread_blocked, id=10664, stack(0x00000076d1500000,0x00000076d1600000)]
  0x000001e028c10000 JavaThread "Unconstrained build operations Thread 24" [_thread_blocked, id=2268, stack(0x00000076d1600000,0x00000076d1700000)]
  0x000001e028c0f800 JavaThread "Unconstrained build operations Thread 25" [_thread_blocked, id=6704, stack(0x00000076d1700000,0x00000076d1800000)]
  0x000001e028c0a800 JavaThread "Unconstrained build operations Thread 26" [_thread_blocked, id=4816, stack(0x00000076d1800000,0x00000076d1900000)]
  0x000001e028c11000 JavaThread "Unconstrained build operations Thread 27" [_thread_blocked, id=9108, stack(0x00000076d1900000,0x00000076d1a00000)]
  0x000001e028c0b000 JavaThread "Unconstrained build operations Thread 28" [_thread_blocked, id=13108, stack(0x00000076d1a00000,0x00000076d1b00000)]
  0x000001e028c11800 JavaThread "Unconstrained build operations Thread 29" [_thread_blocked, id=12788, stack(0x00000076d1b00000,0x00000076d1c00000)]
  0x000001e028c12800 JavaThread "Unconstrained build operations Thread 30" [_thread_blocked, id=14704, stack(0x00000076d1c00000,0x00000076d1d00000)]
  0x000001e028c13800 JavaThread "Unconstrained build operations Thread 31" [_thread_blocked, id=20252, stack(0x00000076d1d00000,0x00000076d1e00000)]
  0x000001e028c14000 JavaThread "Unconstrained build operations Thread 32" [_thread_blocked, id=9940, stack(0x00000076d1e00000,0x00000076d1f00000)]
  0x000001e028e87000 JavaThread "Unconstrained build operations Thread 33" [_thread_blocked, id=12364, stack(0x00000076d1f00000,0x00000076d2000000)]
  0x000001e028e8a000 JavaThread "Unconstrained build operations Thread 34" [_thread_blocked, id=13932, stack(0x00000076d2000000,0x00000076d2100000)]
  0x000001e028e89800 JavaThread "Unconstrained build operations Thread 35" [_thread_blocked, id=10076, stack(0x00000076d2100000,0x00000076d2200000)]
  0x000001e028e87800 JavaThread "Unconstrained build operations Thread 36" [_thread_blocked, id=7232, stack(0x00000076d2200000,0x00000076d2300000)]
  0x000001e028e8b000 JavaThread "Unconstrained build operations Thread 37" [_thread_blocked, id=13184, stack(0x00000076d2300000,0x00000076d2400000)]
  0x000001e028e85000 JavaThread "Unconstrained build operations Thread 38" [_thread_blocked, id=16632, stack(0x00000076d2400000,0x00000076d2500000)]
  0x000001e028e8b800 JavaThread "Unconstrained build operations Thread 39" [_thread_blocked, id=11456, stack(0x00000076d2500000,0x00000076d2600000)]
  0x000001e028e86000 JavaThread "Unconstrained build operations Thread 40" [_thread_blocked, id=18076, stack(0x00000076d2600000,0x00000076d2700000)]
  0x000001e028e8c800 JavaThread "Unconstrained build operations Thread 41" [_thread_blocked, id=19512, stack(0x00000076d2700000,0x00000076d2800000)]
  0x000001e028e8e000 JavaThread "Unconstrained build operations Thread 42" [_thread_blocked, id=4824, stack(0x00000076d2800000,0x00000076d2900000)]
  0x000001e028e8d800 JavaThread "Unconstrained build operations Thread 43" [_thread_blocked, id=3516, stack(0x00000076d2900000,0x00000076d2a00000)]
  0x000001e028e88800 JavaThread "Unconstrained build operations Thread 44" [_thread_blocked, id=7060, stack(0x00000076d2a00000,0x00000076d2b00000)]
  0x000001e028e92000 JavaThread "Unconstrained build operations Thread 45" [_thread_blocked, id=17808, stack(0x00000076d2b00000,0x00000076d2c00000)]
  0x000001e028e93000 JavaThread "Unconstrained build operations Thread 46" [_thread_blocked, id=3872, stack(0x00000076d2c00000,0x00000076d2d00000)]
  0x000001e028e94000 JavaThread "Unconstrained build operations Thread 47" [_thread_blocked, id=10776, stack(0x00000076d2d00000,0x00000076d2e00000)]
  0x000001e028e8f000 JavaThread "Unconstrained build operations Thread 48" [_thread_blocked, id=11440, stack(0x00000076d2e00000,0x00000076d2f00000)]
  0x000001e028e90000 JavaThread "Unconstrained build operations Thread 49" [_thread_blocked, id=9348, stack(0x00000076d2f00000,0x00000076d3000000)]
  0x000001e028e90800 JavaThread "Unconstrained build operations Thread 50" [_thread_blocked, id=12508, stack(0x00000076d3000000,0x00000076d3100000)]
  0x000001e028e91800 JavaThread "Unconstrained build operations Thread 51" [_thread_blocked, id=7128, stack(0x00000076d3100000,0x00000076d3200000)]
  0x000001e02a136800 JavaThread "Unconstrained build operations Thread 52" [_thread_blocked, id=7388, stack(0x00000076d3200000,0x00000076d3300000)]
  0x000001e02a137000 JavaThread "Unconstrained build operations Thread 53" [_thread_blocked, id=14208, stack(0x00000076d3300000,0x00000076d3400000)]
  0x000001e02a134800 JavaThread "Unconstrained build operations Thread 54" [_thread_blocked, id=11100, stack(0x00000076d3400000,0x00000076d3500000)]
  0x000001e02a138000 JavaThread "Unconstrained build operations Thread 55" [_thread_blocked, id=12588, stack(0x00000076d3500000,0x00000076d3600000)]
  0x000001e02a135800 JavaThread "Unconstrained build operations Thread 56" [_thread_blocked, id=14716, stack(0x00000076d3600000,0x00000076d3700000)]
  0x000001e02a132800 JavaThread "Unconstrained build operations Thread 57" [_thread_blocked, id=4872, stack(0x00000076d3700000,0x00000076d3800000)]
  0x000001e02a139000 JavaThread "Unconstrained build operations Thread 58" [_thread_blocked, id=11512, stack(0x00000076d3800000,0x00000076d3900000)]
  0x000001e02a133000 JavaThread "Unconstrained build operations Thread 59" [_thread_blocked, id=14252, stack(0x00000076d3900000,0x00000076d3a00000)]
  0x000001e02a139800 JavaThread "Unconstrained build operations Thread 60" [_thread_blocked, id=6032, stack(0x00000076d3a00000,0x00000076d3b00000)]
  0x000001e02a134000 JavaThread "Unconstrained build operations Thread 61" [_thread_blocked, id=11336, stack(0x00000076d3b00000,0x00000076d3c00000)]
  0x000001e02a13d800 JavaThread "Unconstrained build operations Thread 62" [_thread_blocked, id=19372, stack(0x00000076d3c00000,0x00000076d3d00000)]
  0x000001e02a13e800 JavaThread "Unconstrained build operations Thread 63" [_thread_blocked, id=7928, stack(0x00000076d3d00000,0x00000076d3e00000)]
  0x000001e02a13a800 JavaThread "Unconstrained build operations Thread 64" [_thread_blocked, id=18740, stack(0x00000076d3e00000,0x00000076d3f00000)]
  0x000001e02a13b800 JavaThread "Unconstrained build operations Thread 65" [_thread_blocked, id=10216, stack(0x00000076d3f00000,0x00000076d4000000)]
  0x000001e02a13f800 JavaThread "Unconstrained build operations Thread 66" [_thread_blocked, id=9692, stack(0x00000076d4000000,0x00000076d4100000)]
  0x000001e02a140000 JavaThread "Unconstrained build operations Thread 67" [_thread_blocked, id=17864, stack(0x00000076d4100000,0x00000076d4200000)]
  0x000001e02a141000 JavaThread "Unconstrained build operations Thread 68" [_thread_blocked, id=13872, stack(0x00000076d4200000,0x00000076d4300000)]
  0x000001e02a13c000 JavaThread "Unconstrained build operations Thread 69" [_thread_blocked, id=14228, stack(0x00000076d4300000,0x00000076d4400000)]
  0x000001e02a13d000 JavaThread "Unconstrained build operations Thread 70" [_thread_blocked, id=8664, stack(0x00000076d4400000,0x00000076d4500000)]
  0x000001e0282fa800 JavaThread "Unconstrained build operations Thread 71" [_thread_blocked, id=12360, stack(0x00000076d4500000,0x00000076d4600000)]
  0x000001e0282fd800 JavaThread "Unconstrained build operations Thread 72" [_thread_blocked, id=1744, stack(0x00000076d4600000,0x00000076d4700000)]
  0x000001e0282fc000 JavaThread "Unconstrained build operations Thread 73" [_thread_blocked, id=6940, stack(0x00000076d4700000,0x00000076d4800000)]
  0x000001e0282f8000 JavaThread "Unconstrained build operations Thread 74" [_thread_blocked, id=5836, stack(0x00000076d4800000,0x00000076d4900000)]
  0x000001e0282f9800 JavaThread "Unconstrained build operations Thread 75" [_thread_blocked, id=16308, stack(0x00000076d4900000,0x00000076d4a00000)]
  0x000001e0282fc800 JavaThread "Unconstrained build operations Thread 76" [_thread_blocked, id=10208, stack(0x00000076d4a00000,0x00000076d4b00000)]
  0x000001e0282fb000 JavaThread "Unconstrained build operations Thread 77" [_thread_blocked, id=15376, stack(0x00000076d4b00000,0x00000076d4c00000)]
  0x000001e0282fe800 JavaThread "Unconstrained build operations Thread 78" [_thread_blocked, id=15404, stack(0x00000076d4c00000,0x00000076d4d00000)]
  0x000001e0282f8800 JavaThread "Unconstrained build operations Thread 79" [_thread_blocked, id=15456, stack(0x00000076d4d00000,0x00000076d4e00000)]
  0x000001e028301800 JavaThread "Unconstrained build operations Thread 80" [_thread_blocked, id=15364, stack(0x00000076d4e00000,0x00000076d4f00000)]
  0x000001e028304000 JavaThread "build event listener" [_thread_blocked, id=8660, stack(0x00000076d4f00000,0x00000076d5000000)]
  0x000001e028301000 JavaThread "Execution worker for ':'" [_thread_blocked, id=18064, stack(0x00000076d5000000,0x00000076d5100000)]
  0x000001e0282ff000 JavaThread "Execution worker for ':' Thread 2" [_thread_blocked, id=14636, stack(0x00000076d5200000,0x00000076d5300000)]
  0x000001e028305800 JavaThread "Execution worker for ':' Thread 3" [_thread_blocked, id=5020, stack(0x00000076d5300000,0x00000076d5400000)]
  0x000001e028300000 JavaThread "Execution worker for ':' Thread 4" [_thread_blocked, id=5036, stack(0x00000076d5400000,0x00000076d5500000)]
  0x000001e028302800 JavaThread "Execution worker for ':' Thread 5" [_thread_blocked, id=2660, stack(0x00000076d5500000,0x00000076d5600000)]
  0x000001e028305000 JavaThread "Execution worker for ':' Thread 6" [_thread_blocked, id=15528, stack(0x00000076d5600000,0x00000076d5700000)]
  0x000001e028306800 JavaThread "Execution worker for ':' Thread 7" [_thread_blocked, id=10200, stack(0x00000076d5700000,0x00000076d5800000)]
  0x000001e02596e800 JavaThread "Cache worker for execution history cache (C:\Users\17134\AndroidStudioProjects\FlixsterApplication\.gradle\7.3.3\executionHistory)" [_thread_blocked, id=19524, stack(0x00000076d5800000,0x00000076d5900000)]
  0x000001e0213ef000 JavaThread "C2 CompilerThread1" daemon [_thread_in_native, id=9572, stack(0x00000076ce500000,0x00000076ce600000)]
  0x000001e02596d800 JavaThread "WorkerExecutor Queue" [_thread_blocked, id=15600, stack(0x00000076d5900000,0x00000076d5a00000)]
  0x000001e025973800 JavaThread "WorkerExecutor Queue Thread 2" [_thread_blocked, id=14344, stack(0x00000076d5a00000,0x00000076d5b00000)]

Other Threads:
  0x000001e01aba9000 VMThread "VM Thread" [stack: 0x00000076ccf00000,0x00000076cd000000] [id=10024]
  0x000001e01b6ca800 WatcherThread [stack: 0x00000076cd900000,0x00000076cda00000] [id=3384]
  0x000001e07fcab800 GCTaskThread "GC Thread#0" [stack: 0x00000076cca00000,0x00000076ccb00000] [id=17984]
  0x000001e01b7b5800 GCTaskThread "GC Thread#1" [stack: 0x00000076cda00000,0x00000076cdb00000] [id=19352]
=>0x000001e01c63f000 GCTaskThread "GC Thread#2" [stack: 0x00000076cdd00000,0x00000076cde00000] [id=18628]
  0x000001e01cf1f800 GCTaskThread "GC Thread#3" [stack: 0x00000076cde00000,0x00000076cdf00000] [id=1448]
  0x000001e01da7b000 GCTaskThread "GC Thread#4" [stack: 0x00000076ce900000,0x00000076cea00000] [id=13644]
  0x000001e01cc3e000 GCTaskThread "GC Thread#5" [stack: 0x00000076cea00000,0x00000076ceb00000] [id=13540]
  0x000001e01e894800 GCTaskThread "GC Thread#6" [stack: 0x00000076ceb00000,0x00000076cec00000] [id=7444]
  0x000001e01c933000 GCTaskThread "GC Thread#7" [stack: 0x00000076cec00000,0x00000076ced00000] [id=14364]
  0x000001e07fcdc800 ConcurrentGCThread "G1 Main Marker" [stack: 0x00000076ccb00000,0x00000076ccc00000] [id=13652]
  0x000001e07fcde800 ConcurrentGCThread "G1 Conc#0" [stack: 0x00000076ccc00000,0x00000076ccd00000] [id=11476]
  0x000001e01d96e000 ConcurrentGCThread "G1 Conc#1" [stack: 0x00000076ced00000,0x00000076cee00000] [id=16244]
  0x000001e07fd63000 ConcurrentGCThread "G1 Refine#0" [stack: 0x00000076ccd00000,0x00000076cce00000] [id=11344]
  0x000001e07fd67000 ConcurrentGCThread "G1 Young RemSet Sampling" [stack: 0x00000076cce00000,0x00000076ccf00000] [id=11332]

Threads with active compile tasks:
C2 CompilerThread0 787403 16367   !   4       com.android.ide.common.resources.ResourceMergerItem::getKey (204 bytes)
C2 CompilerThread1 787403 16403   !   4       com.android.utils.PositionXmlParser$DomBuilder::startElement (272 bytes)

VM state:at safepoint (normal execution)

VM Mutex/Monitor currently owned by a thread:  ([mutex/lock_event])
[0x000001e07fc8ddc0] Threads_lock - owner thread: 0x000001e01aba9000
[0x000001e07fc8f4d0] Heap_lock - owner thread: 0x000001e028301000

Heap address: 0x0000000080000000, size: 2048 MB, Compressed Oops mode: 32-bit
Narrow klass base: 0x0000000000000000, Narrow klass shift: 3
Compressed class space size: 1073741824 Address: 0x0000000100000000

Heap:
 garbage-first heap   total 172032K, used 146557K [0x0000000080000000, 0x0000000100000000)
  region size 1024K, 9 young (9216K), 2 survivors (2048K)
 Metaspace       used 112341K, capacity 115277K, committed 115456K, reserved 1148928K
  class space    used 14228K, capacity 15325K, committed 15360K, reserved 1048576K
Heap Regions: E=young(eden), S=young(survivor), O=old, HS=humongous(starts), HC=humongous(continues), CS=collection set, F=free, A=archive, TAMS=top-at-mark-start (previous, next)
|   0|0x0000000080000000, 0x0000000080100000, 0x0000000080100000|100%| O|  |TAMS 0x0000000080100000, 0x0000000080000000| Updating 
|   1|0x0000000080100000, 0x0000000080200000, 0x0000000080200000|100%| O|  |TAMS 0x0000000080200000, 0x0000000080100000| Updating 
|   2|0x0000000080200000, 0x0000000080300000, 0x0000000080300000|100%| O|  |TAMS 0x0000000080300000, 0x0000000080200000| Updating 
|   3|0x0000000080300000, 0x0000000080400000, 0x0000000080400000|100%|HS|  |TAMS 0x0000000080400000, 0x0000000080300000| Complete 
|   4|0x0000000080400000, 0x0000000080500000, 0x0000000080500000|100%|HC|  |TAMS 0x0000000080500000, 0x0000000080400000| Complete 
|   5|0x0000000080500000, 0x0000000080600000, 0x0000000080600000|100%|HC|  |TAMS 0x0000000080600000, 0x0000000080500000| Complete 
|   6|0x0000000080600000, 0x0000000080700000, 0x0000000080700000|100%| O|  |TAMS 0x0000000080700000, 0x0000000080600000| Updating 
|   7|0x0000000080700000, 0x0000000080800000, 0x0000000080800000|100%| O|  |TAMS 0x0000000080800000, 0x0000000080700000| Updating 
|   8|0x0000000080800000, 0x0000000080900000, 0x0000000080900000|100%| O|  |TAMS 0x0000000080900000, 0x0000000080800000| Updating 
|   9|0x0000000080900000, 0x0000000080a00000, 0x0000000080a00000|100%| O|  |TAMS 0x0000000080a00000, 0x0000000080900000| Updating 
|  10|0x0000000080a00000, 0x0000000080b00000, 0x0000000080b00000|100%| O|  |TAMS 0x0000000080b00000, 0x0000000080a00000| Updating 
|  11|0x0000000080b00000, 0x0000000080c00000, 0x0000000080c00000|100%| O|  |TAMS 0x0000000080c00000, 0x0000000080b00000| Updating 
|  12|0x0000000080c00000, 0x0000000080d00000, 0x0000000080d00000|100%| O|  |TAMS 0x0000000080d00000, 0x0000000080c00000| Updating 
|  13|0x0000000080d00000, 0x0000000080e00000, 0x0000000080e00000|100%| O|  |TAMS 0x0000000080e00000, 0x0000000080d00000| Updating 
|  14|0x0000000080e00000, 0x0000000080f00000, 0x0000000080f00000|100%| O|  |TAMS 0x0000000080f00000, 0x0000000080e00000| Updating 
|  15|0x0000000080f00000, 0x0000000081000000, 0x0000000081000000|100%|HS|  |TAMS 0x0000000081000000, 0x0000000080f00000| Complete 
|  16|0x0000000081000000, 0x0000000081100000, 0x0000000081100000|100%|HC|  |TAMS 0x0000000081100000, 0x0000000081000000| Complete 
|  17|0x0000000081100000, 0x0000000081200000, 0x0000000081200000|100%|HS|  |TAMS 0x0000000081200000, 0x0000000081100000| Complete 
|  18|0x0000000081200000, 0x0000000081300000, 0x0000000081300000|100%|HC|  |TAMS 0x0000000081300000, 0x0000000081200000| Complete 
|  19|0x0000000081300000, 0x0000000081400000, 0x0000000081400000|100%|HC|  |TAMS 0x0000000081400000, 0x0000000081300000| Complete 
|  20|0x0000000081400000, 0x0000000081500000, 0x0000000081500000|100%|HS|  |TAMS 0x0000000081500000, 0x0000000081400000| Complete 
|  21|0x0000000081500000, 0x0000000081600000, 0x0000000081600000|100%|HS|  |TAMS 0x0000000081600000, 0x0000000081500000| Complete 
|  22|0x0000000081600000, 0x0000000081700000, 0x0000000081700000|100%|HC|  |TAMS 0x0000000081700000, 0x0000000081600000| Complete 
|  23|0x0000000081700000, 0x0000000081800000, 0x0000000081800000|100%|HC|  |TAMS 0x0000000081800000, 0x0000000081700000| Complete 
|  24|0x0000000081800000, 0x0000000081900000, 0x0000000081900000|100%|HC|  |TAMS 0x0000000081900000, 0x0000000081800000| Complete 
|  25|0x0000000081900000, 0x0000000081a00000, 0x0000000081a00000|100%| O|  |TAMS 0x0000000081a00000, 0x0000000081900000| Updating 
|  26|0x0000000081a00000, 0x0000000081b00000, 0x0000000081b00000|100%| O|  |TAMS 0x0000000081b00000, 0x0000000081a00000| Updating 
|  27|0x0000000081b00000, 0x0000000081c00000, 0x0000000081c00000|100%| O|  |TAMS 0x0000000081c00000, 0x0000000081b00000| Updating 
|  28|0x0000000081c00000, 0x0000000081d00000, 0x0000000081d00000|100%| O|  |TAMS 0x0000000081d00000, 0x0000000081c00000| Updating 
|  29|0x0000000081d00000, 0x0000000081e00000, 0x0000000081e00000|100%| O|  |TAMS 0x0000000081e00000, 0x0000000081d00000| Updating 
|  30|0x0000000081e00000, 0x0000000081f00000, 0x0000000081f00000|100%| O|  |TAMS 0x0000000081f00000, 0x0000000081e00000| Updating 
|  31|0x0000000081f00000, 0x0000000082000000, 0x0000000082000000|100%| O|  |TAMS 0x0000000082000000, 0x0000000081f00000| Updating 
|  32|0x0000000082000000, 0x0000000082100000, 0x0000000082100000|100%| O|  |TAMS 0x0000000082100000, 0x0000000082000000| Updating 
|  33|0x0000000082100000, 0x0000000082200000, 0x0000000082200000|100%|HS|  |TAMS 0x0000000082200000, 0x0000000082100000| Complete 
|  34|0x0000000082200000, 0x0000000082300000, 0x0000000082300000|100%| O|  |TAMS 0x0000000082300000, 0x0000000082200000| Updating 
|  35|0x0000000082300000, 0x0000000082400000, 0x0000000082400000|100%| O|  |TAMS 0x0000000082400000, 0x0000000082300000| Updating 
|  36|0x0000000082400000, 0x0000000082500000, 0x0000000082500000|100%| O|  |TAMS 0x0000000082500000, 0x0000000082400000| Updating 
|  37|0x0000000082500000, 0x0000000082600000, 0x0000000082600000|100%| O|  |TAMS 0x0000000082600000, 0x0000000082500000| Updating 
|  38|0x0000000082600000, 0x0000000082700000, 0x0000000082700000|100%| O|  |TAMS 0x0000000082700000, 0x0000000082600000| Updating 
|  39|0x0000000082700000, 0x0000000082800000, 0x0000000082800000|100%| O|  |TAMS 0x0000000082800000, 0x0000000082700000| Updating 
|  40|0x0000000082800000, 0x0000000082900000, 0x0000000082900000|100%| O|  |TAMS 0x0000000082900000, 0x0000000082800000| Updating 
|  41|0x0000000082900000, 0x0000000082a00000, 0x0000000082a00000|100%|HS|  |TAMS 0x0000000082a00000, 0x0000000082900000| Complete 
|  42|0x0000000082a00000, 0x0000000082b00000, 0x0000000082b00000|100%|HC|  |TAMS 0x0000000082b00000, 0x0000000082a00000| Complete 
|  43|0x0000000082b00000, 0x0000000082c00000, 0x0000000082c00000|100%|HC|  |TAMS 0x0000000082c00000, 0x0000000082b00000| Complete 
|  44|0x0000000082c00000, 0x0000000082d00000, 0x0000000082d00000|100%| O|  |TAMS 0x0000000082d00000, 0x0000000082c00000| Updating 
|  45|0x0000000082d00000, 0x0000000082e00000, 0x0000000082e00000|100%| O|  |TAMS 0x0000000082e00000, 0x0000000082d00000| Updating 
|  46|0x0000000082e00000, 0x0000000082f00000, 0x0000000082f00000|100%| O|  |TAMS 0x0000000082f00000, 0x0000000082e00000| Updating 
|  47|0x0000000082f00000, 0x0000000083000000, 0x0000000083000000|100%| O|  |TAMS 0x0000000083000000, 0x0000000082f00000| Updating 
|  48|0x0000000083000000, 0x0000000083100000, 0x0000000083100000|100%| O|  |TAMS 0x0000000083100000, 0x0000000083000000| Updating 
|  49|0x0000000083100000, 0x0000000083200000, 0x0000000083200000|100%| O|  |TAMS 0x0000000083200000, 0x0000000083100000| Updating 
|  50|0x0000000083200000, 0x0000000083300000, 0x0000000083300000|100%|HS|  |TAMS 0x0000000083300000, 0x0000000083200000| Complete 
|  51|0x0000000083300000, 0x0000000083400000, 0x0000000083400000|100%|HC|  |TAMS 0x0000000083400000, 0x0000000083300000| Complete 
|  52|0x0000000083400000, 0x0000000083500000, 0x0000000083500000|100%|HC|  |TAMS 0x0000000083500000, 0x0000000083400000| Complete 
|  53|0x0000000083500000, 0x0000000083600000, 0x0000000083600000|100%|HC|  |TAMS 0x0000000083600000, 0x0000000083500000| Complete 
|  54|0x0000000083600000, 0x0000000083700000, 0x0000000083700000|100%| O|  |TAMS 0x0000000083700000, 0x0000000083600000| Updating 
|  55|0x0000000083700000, 0x0000000083800000, 0x0000000083800000|100%| O|  |TAMS 0x0000000083800000, 0x0000000083700000| Updating 
|  56|0x0000000083800000, 0x0000000083900000, 0x0000000083900000|100%| O|  |TAMS 0x0000000083900000, 0x0000000083800000| Updating 
|  57|0x0000000083900000, 0x0000000083a00000, 0x0000000083a00000|100%| O|  |TAMS 0x0000000083a00000, 0x0000000083900000| Updating 
|  58|0x0000000083a00000, 0x0000000083b00000, 0x0000000083b00000|100%|HS|  |TAMS 0x0000000083b00000, 0x0000000083a00000| Complete 
|  59|0x0000000083b00000, 0x0000000083c00000, 0x0000000083c00000|100%|HS|  |TAMS 0x0000000083c00000, 0x0000000083b00000| Complete 
|  60|0x0000000083c00000, 0x0000000083d00000, 0x0000000083d00000|100%| O|  |TAMS 0x0000000083d00000, 0x0000000083c00000| Updating 
|  61|0x0000000083d00000, 0x0000000083e00000, 0x0000000083e00000|100%| O|  |TAMS 0x0000000083e00000, 0x0000000083d00000| Updating 
|  62|0x0000000083e00000, 0x0000000083f00000, 0x0000000083f00000|100%|HS|  |TAMS 0x0000000083f00000, 0x0000000083e00000| Complete 
|  63|0x0000000083f00000, 0x0000000084000000, 0x0000000084000000|100%|HC|  |TAMS 0x0000000084000000, 0x0000000083f00000| Complete 
|  64|0x0000000084000000, 0x0000000084100000, 0x0000000084100000|100%| O|  |TAMS 0x0000000084100000, 0x0000000084000000| Updating 
|  65|0x0000000084100000, 0x0000000084200000, 0x0000000084200000|100%| O|  |TAMS 0x0000000084200000, 0x0000000084100000| Updating 
|  66|0x0000000084200000, 0x0000000084300000, 0x0000000084300000|100%| O|  |TAMS 0x0000000084300000, 0x0000000084200000| Updating 
|  67|0x0000000084300000, 0x0000000084400000, 0x0000000084400000|100%| O|  |TAMS 0x0000000084400000, 0x0000000084300000| Updating 
|  68|0x0000000084400000, 0x0000000084500000, 0x0000000084500000|100%| O|  |TAMS 0x0000000084500000, 0x0000000084400000| Updating 
|  69|0x0000000084500000, 0x0000000084600000, 0x0000000084600000|100%| O|  |TAMS 0x0000000084600000, 0x0000000084500000| Updating 
|  70|0x0000000084600000, 0x0000000084700000, 0x0000000084700000|100%| O|  |TAMS 0x0000000084700000, 0x0000000084600000| Updating 
|  71|0x0000000084700000, 0x0000000084800000, 0x0000000084800000|100%| O|  |TAMS 0x0000000084800000, 0x0000000084700000| Updating 
|  72|0x0000000084800000, 0x0000000084900000, 0x0000000084900000|100%| O|  |TAMS 0x0000000084900000, 0x0000000084800000| Updating 
|  73|0x0000000084900000, 0x0000000084a00000, 0x0000000084a00000|100%| O|  |TAMS 0x0000000084a00000, 0x0000000084900000| Updating 
|  74|0x0000000084a00000, 0x0000000084b00000, 0x0000000084b00000|100%| O|  |TAMS 0x0000000084b00000, 0x0000000084a00000| Updating 
|  75|0x0000000084b00000, 0x0000000084c00000, 0x0000000084c00000|100%| O|  |TAMS 0x0000000084c00000, 0x0000000084b00000| Updating 
|  76|0x0000000084c00000, 0x0000000084d00000, 0x0000000084d00000|100%| O|  |TAMS 0x0000000084d00000, 0x0000000084c00000| Updating 
|  77|0x0000000084d00000, 0x0000000084e00000, 0x0000000084e00000|100%| O|  |TAMS 0x0000000084e00000, 0x0000000084d00000| Updating 
|  78|0x0000000084e00000, 0x0000000084f00000, 0x0000000084f00000|100%| O|  |TAMS 0x0000000084f00000, 0x0000000084e00000| Updating 
|  79|0x0000000084f00000, 0x0000000085000000, 0x0000000085000000|100%| O|  |TAMS 0x0000000085000000, 0x0000000084f00000| Updating 
|  80|0x0000000085000000, 0x0000000085100000, 0x0000000085100000|100%| O|  |TAMS 0x0000000085100000, 0x0000000085000000| Updating 
|  81|0x0000000085100000, 0x0000000085200000, 0x0000000085200000|100%|HS|  |TAMS 0x0000000085200000, 0x0000000085100000| Complete 
|  82|0x0000000085200000, 0x0000000085300000, 0x0000000085300000|100%|HC|  |TAMS 0x0000000085300000, 0x0000000085200000| Complete 
|  83|0x0000000085300000, 0x0000000085400000, 0x0000000085400000|100%|HS|  |TAMS 0x0000000085400000, 0x0000000085300000| Complete 
|  84|0x0000000085400000, 0x0000000085500000, 0x0000000085500000|100%|HC|  |TAMS 0x0000000085500000, 0x0000000085400000| Complete 
|  85|0x0000000085500000, 0x0000000085600000, 0x0000000085600000|100%|HC|  |TAMS 0x0000000085600000, 0x0000000085500000| Complete 
|  86|0x0000000085600000, 0x0000000085700000, 0x0000000085700000|100%|HS|  |TAMS 0x0000000085700000, 0x0000000085600000| Complete 
|  87|0x0000000085700000, 0x0000000085800000, 0x0000000085800000|100%|HS|  |TAMS 0x0000000085800000, 0x0000000085700000| Complete 
|  88|0x0000000085800000, 0x0000000085900000, 0x0000000085900000|100%|HC|  |TAMS 0x0000000085900000, 0x0000000085800000| Complete 
|  89|0x0000000085900000, 0x0000000085a00000, 0x0000000085a00000|100%|HC|  |TAMS 0x0000000085a00000, 0x0000000085900000| Complete 
|  90|0x0000000085a00000, 0x0000000085b00000, 0x0000000085b00000|100%|HC|  |TAMS 0x0000000085b00000, 0x0000000085a00000| Complete 
|  91|0x0000000085b00000, 0x0000000085c00000, 0x0000000085c00000|100%| O|  |TAMS 0x0000000085c00000, 0x0000000085b00000| Updating 
|  92|0x0000000085c00000, 0x0000000085d00000, 0x0000000085d00000|100%| O|  |TAMS 0x0000000085d00000, 0x0000000085c00000| Updating 
|  93|0x0000000085d00000, 0x0000000085e00000, 0x0000000085e00000|100%| O|  |TAMS 0x0000000085e00000, 0x0000000085d00000| Updating 
|  94|0x0000000085e00000, 0x0000000085f00000, 0x0000000085f00000|100%| O|  |TAMS 0x0000000085f00000, 0x0000000085e00000| Updating 
|  95|0x0000000085f00000, 0x0000000086000000, 0x0000000086000000|100%| O|  |TAMS 0x0000000086000000, 0x0000000085f00000| Updating 
|  96|0x0000000086000000, 0x0000000086100000, 0x0000000086100000|100%| O|  |TAMS 0x0000000086100000, 0x0000000086000000| Updating 
|  97|0x0000000086100000, 0x0000000086200000, 0x0000000086200000|100%| O|  |TAMS 0x0000000086200000, 0x0000000086100000| Updating 
|  98|0x0000000086200000, 0x0000000086300000, 0x0000000086300000|100%| O|  |TAMS 0x0000000086300000, 0x0000000086200000| Updating 
|  99|0x0000000086300000, 0x0000000086400000, 0x0000000086400000|100%| O|  |TAMS 0x0000000086400000, 0x0000000086300000| Updating 
| 100|0x0000000086400000, 0x0000000086500000, 0x0000000086500000|100%| O|  |TAMS 0x0000000086500000, 0x0000000086400000| Updating 
| 101|0x0000000086500000, 0x0000000086600000, 0x0000000086600000|100%| O|  |TAMS 0x0000000086600000, 0x0000000086500000| Updating 
| 102|0x0000000086600000, 0x0000000086700000, 0x0000000086700000|100%| O|  |TAMS 0x0000000086700000, 0x0000000086600000| Updating 
| 103|0x0000000086700000, 0x0000000086800000, 0x0000000086800000|100%| O|  |TAMS 0x0000000086800000, 0x0000000086700000| Updating 
| 104|0x0000000086800000, 0x0000000086900000, 0x0000000086900000|100%| O|  |TAMS 0x0000000086900000, 0x0000000086800000| Updating 
| 105|0x0000000086900000, 0x0000000086a00000, 0x0000000086a00000|100%| O|  |TAMS 0x0000000086a00000, 0x0000000086900000| Updating 
| 106|0x0000000086a00000, 0x0000000086b00000, 0x0000000086b00000|100%| O|  |TAMS 0x0000000086b00000, 0x0000000086a00000| Updating 
| 107|0x0000000086b00000, 0x0000000086c00000, 0x0000000086c00000|100%| O|  |TAMS 0x0000000086c00000, 0x0000000086b00000| Updating 
| 108|0x0000000086c00000, 0x0000000086d00000, 0x0000000086d00000|100%| O|  |TAMS 0x0000000086d00000, 0x0000000086c00000| Updating 
| 109|0x0000000086d00000, 0x0000000086e00000, 0x0000000086e00000|100%| O|  |TAMS 0x0000000086e00000, 0x0000000086d00000| Updating 
| 110|0x0000000086e00000, 0x0000000086f00000, 0x0000000086f00000|100%| O|  |TAMS 0x0000000086f00000, 0x0000000086e00000| Updating 
| 111|0x0000000086f00000, 0x0000000087000000, 0x0000000087000000|100%|HS|  |TAMS 0x0000000087000000, 0x0000000086f00000| Complete 
| 112|0x0000000087000000, 0x0000000087100000, 0x0000000087100000|100%| O|  |TAMS 0x0000000087100000, 0x0000000087000000| Updating 
| 113|0x0000000087100000, 0x0000000087200000, 0x0000000087200000|100%| O|  |TAMS 0x0000000087200000, 0x0000000087100000| Updating 
| 114|0x0000000087200000, 0x0000000087300000, 0x0000000087300000|100%| O|  |TAMS 0x0000000087300000, 0x0000000087200000| Updating 
| 115|0x0000000087300000, 0x0000000087400000, 0x0000000087400000|100%| O|  |TAMS 0x0000000087400000, 0x0000000087300000| Updating 
| 116|0x0000000087400000, 0x0000000087500000, 0x0000000087500000|100%| O|  |TAMS 0x0000000087500000, 0x0000000087400000| Updating 
| 117|0x0000000087500000, 0x0000000087600000, 0x0000000087600000|100%| O|  |TAMS 0x0000000087600000, 0x0000000087500000| Updating 
| 118|0x0000000087600000, 0x0000000087700000, 0x0000000087700000|100%| O|  |TAMS 0x0000000087700000, 0x0000000087600000| Updating 
| 119|0x0000000087700000, 0x0000000087800000, 0x0000000087800000|100%| O|  |TAMS 0x0000000087800000, 0x0000000087700000| Updating 
| 120|0x0000000087800000, 0x0000000087900000, 0x0000000087900000|100%| O|  |TAMS 0x0000000087900000, 0x0000000087800000| Updating 
| 121|0x0000000087900000, 0x0000000087a00000, 0x0000000087a00000|100%| O|  |TAMS 0x0000000087a00000, 0x0000000087900000| Updating 
| 122|0x0000000087a00000, 0x0000000087b00000, 0x0000000087b00000|100%| O|  |TAMS 0x0000000087b00000, 0x0000000087a00000| Updating 
| 123|0x0000000087b00000, 0x0000000087c00000, 0x0000000087c00000|100%| O|  |TAMS 0x0000000087c00000, 0x0000000087b00000| Updating 
| 124|0x0000000087c00000, 0x0000000087d00000, 0x0000000087d00000|100%| O|  |TAMS 0x0000000087d00000, 0x0000000087c00000| Updating 
| 125|0x0000000087d00000, 0x0000000087e00000, 0x0000000087e00000|100%| O|  |TAMS 0x0000000087e00000, 0x0000000087d00000| Updating 
| 126|0x0000000087e00000, 0x0000000087f00000, 0x0000000087f00000|100%| O|  |TAMS 0x0000000087f00000, 0x0000000087e00000| Updating 
| 127|0x0000000087f00000, 0x0000000088000000, 0x0000000088000000|100%| O|  |TAMS 0x0000000088000000, 0x0000000087f00000| Updating 
| 128|0x0000000088000000, 0x0000000088100000, 0x0000000088100000|100%| O|  |TAMS 0x0000000088100000, 0x0000000088000000| Updating 
| 129|0x0000000088100000, 0x0000000088200000, 0x0000000088200000|100%| O|  |TAMS 0x0000000088200000, 0x0000000088100000| Updating 
| 130|0x0000000088200000, 0x0000000088300000, 0x0000000088300000|100%| O|  |TAMS 0x0000000088300000, 0x0000000088200000| Updating 
| 131|0x0000000088300000, 0x0000000088400000, 0x0000000088400000|100%| O|  |TAMS 0x0000000088400000, 0x0000000088300000| Updating 
| 132|0x0000000088400000, 0x0000000088500000, 0x0000000088500000|100%| O|  |TAMS 0x0000000088500000, 0x0000000088400000| Updating 
| 133|0x0000000088500000, 0x0000000088600000, 0x0000000088600000|100%| O|  |TAMS 0x0000000088600000, 0x0000000088500000| Updating 
| 134|0x0000000088600000, 0x0000000088700000, 0x0000000088700000|100%| O|  |TAMS 0x000000008861f400, 0x0000000088600000| Updating 
| 135|0x0000000088700000, 0x0000000088800000, 0x0000000088800000|100%| O|  |TAMS 0x0000000088700000, 0x0000000088700000| Untracked 
| 136|0x0000000088800000, 0x000000008888c100, 0x0000000088900000| 54%| O|  |TAMS 0x0000000088800000, 0x0000000088800000| Untracked 
| 137|0x0000000088900000, 0x0000000088900000, 0x0000000088a00000|  0%| F|  |TAMS 0x0000000088900000, 0x0000000088900000| Untracked 
| 138|0x0000000088a00000, 0x0000000088a00000, 0x0000000088b00000|  0%| F|  |TAMS 0x0000000088a00000, 0x0000000088a00000| Untracked 
| 139|0x0000000088b00000, 0x0000000088b00000, 0x0000000088c00000|  0%| F|  |TAMS 0x0000000088b00000, 0x0000000088b00000| Untracked 
| 140|0x0000000088c00000, 0x0000000088c00000, 0x0000000088d00000|  0%| F|  |TAMS 0x0000000088c00000, 0x0000000088c00000| Untracked 
| 141|0x0000000088d00000, 0x0000000088d00000, 0x0000000088e00000|  0%| F|  |TAMS 0x0000000088d00000, 0x0000000088d00000| Untracked 
| 142|0x0000000088e00000, 0x0000000088e00000, 0x0000000088f00000|  0%| F|  |TAMS 0x0000000088e00000, 0x0000000088e00000| Untracked 
| 143|0x0000000088f00000, 0x0000000088f00000, 0x0000000089000000|  0%| F|  |TAMS 0x0000000088f00000, 0x0000000088f00000| Untracked 
| 144|0x0000000089000000, 0x0000000089000000, 0x0000000089100000|  0%| F|  |TAMS 0x0000000089000000, 0x0000000089000000| Untracked 
| 145|0x0000000089100000, 0x0000000089100000, 0x0000000089200000|  0%| F|  |TAMS 0x0000000089100000, 0x0000000089100000| Untracked 
| 146|0x0000000089200000, 0x0000000089200000, 0x0000000089300000|  0%| F|  |TAMS 0x0000000089200000, 0x0000000089200000| Untracked 
| 147|0x0000000089300000, 0x0000000089300000, 0x0000000089400000|  0%| F|  |TAMS 0x0000000089300000, 0x0000000089300000| Untracked 
| 148|0x0000000089400000, 0x0000000089400000, 0x0000000089500000|  0%| F|  |TAMS 0x0000000089400000, 0x0000000089400000| Untracked 
| 149|0x0000000089500000, 0x0000000089500000, 0x0000000089600000|  0%| F|  |TAMS 0x0000000089500000, 0x0000000089500000| Untracked 
| 150|0x0000000089600000, 0x0000000089600000, 0x0000000089700000|  0%| F|  |TAMS 0x0000000089600000, 0x0000000089600000| Untracked 
| 151|0x0000000089700000, 0x0000000089700000, 0x0000000089800000|  0%| F|  |TAMS 0x0000000089700000, 0x0000000089700000| Untracked 
| 152|0x0000000089800000, 0x0000000089800000, 0x0000000089900000|  0%| F|  |TAMS 0x0000000089800000, 0x0000000089800000| Untracked 
| 153|0x0000000089900000, 0x0000000089900000, 0x0000000089a00000|  0%| F|  |TAMS 0x0000000089900000, 0x0000000089900000| Untracked 
| 154|0x0000000089a00000, 0x0000000089a00000, 0x0000000089b00000|  0%| F|  |TAMS 0x0000000089a00000, 0x0000000089a00000| Untracked 
| 155|0x0000000089b00000, 0x0000000089c00000, 0x0000000089c00000|100%| E|CS|TAMS 0x0000000089b00000, 0x0000000089b00000| Complete 
| 156|0x0000000089c00000, 0x0000000089d00000, 0x0000000089d00000|100%| E|CS|TAMS 0x0000000089c00000, 0x0000000089c00000| Complete 
| 157|0x0000000089d00000, 0x0000000089d00000, 0x0000000089e00000|  0%| F|  |TAMS 0x0000000089d00000, 0x0000000089d00000| Untracked 
| 158|0x0000000089e00000, 0x0000000089e00000, 0x0000000089f00000|  0%| F|  |TAMS 0x0000000089e00000, 0x0000000089e00000| Untracked 
| 159|0x0000000089f00000, 0x000000008a000000, 0x000000008a000000|100%| S|  |TAMS 0x0000000089f00000, 0x0000000089f00000| Complete 
| 160|0x000000008a000000, 0x000000008a100000, 0x000000008a100000|100%| S|  |TAMS 0x000000008a000000, 0x000000008a000000| Complete 
| 161|0x000000008a100000, 0x000000008a200000, 0x000000008a200000|100%| E|CS|TAMS 0x000000008a100000, 0x000000008a100000| Complete 
| 162|0x000000008a200000, 0x000000008a300000, 0x000000008a300000|100%| E|CS|TAMS 0x000000008a200000, 0x000000008a200000| Complete 
| 163|0x000000008a300000, 0x000000008a400000, 0x000000008a400000|100%| E|CS|TAMS 0x000000008a300000, 0x000000008a300000| Complete 
| 164|0x000000008a400000, 0x000000008a500000, 0x000000008a500000|100%| E|CS|TAMS 0x000000008a400000, 0x000000008a400000| Complete 
| 165|0x000000008a500000, 0x000000008a600000, 0x000000008a600000|100%| E|CS|TAMS 0x000000008a500000, 0x000000008a500000| Complete 
| 166|0x000000008a600000, 0x000000008a700000, 0x000000008a700000|100%| E|CS|TAMS 0x000000008a600000, 0x000000008a600000| Complete 
| 167|0x000000008a700000, 0x000000008a800000, 0x000000008a800000|100%| E|CS|TAMS 0x000000008a700000, 0x000000008a700000| Complete 

Card table byte_map: [0x000001e0138e0000,0x000001e013ce0000] _byte_map_base: 0x000001e0134e0000

Marking Bits (Prev, Next): (CMBitMap*) 0x000001e07fcd2788, (CMBitMap*) 0x000001e07fcd27c0
 Prev Bits: [0x000001e0140e0000, 0x000001e0160e0000)
 Next Bits: [0x000001e0160e0000, 0x000001e0180e0000)

Polling page: 0x000001e000000000

Metaspace:

Usage:
  Non-class:     97.61 MB capacity,    95.81 MB ( 98%) used,     1.47 MB (  2%) free+waste,   333.63 KB ( <1%) overhead. 
      Class:     14.97 MB capacity,    13.90 MB ( 93%) used,   946.98 KB (  6%) free+waste,   149.13 KB ( <1%) overhead. 
       Both:    112.58 MB capacity,   109.71 MB ( 97%) used,     2.40 MB (  2%) free+waste,   482.75 KB ( <1%) overhead. 

Virtual space:
  Non-class space:       98.00 MB reserved,      97.75 MB (>99%) committed 
      Class space:        1.00 GB reserved,      15.00 MB (  1%) committed 
             Both:        1.10 GB reserved,     112.75 MB ( 10%) committed 

Chunk freelists:
   Non-Class:  16.00 KB
       Class:  3.00 KB
        Both:  19.00 KB

MaxMetaspaceSize: 17179869184.00 GB
CompressedClassSpaceSize: 1.00 GB
Initial GC threshold: 20.80 MB
Current GC threshold: 187.92 MB
CDS: off

CodeHeap 'non-profiled nmethods': size=120000Kb used=8759Kb max_used=8759Kb free=111240Kb
 bounds [0x000001e00b520000, 0x000001e00bdb0000, 0x000001e012a50000]
CodeHeap 'profiled nmethods': size=120000Kb used=35152Kb max_used=35152Kb free=84847Kb
 bounds [0x000001e003ff0000, 0x000001e006250000, 0x000001e00b520000]
CodeHeap 'non-nmethods': size=5760Kb used=2439Kb max_used=2523Kb free=3320Kb
 bounds [0x000001e003a50000, 0x000001e003ce0000, 0x000001e003ff0000]
 total_blobs=16894 nmethods=15926 adapters=880
 compilation: enabled
              stopped_count=0, restarted_count=0
 full_count=0

Compilation events (20 events):
Event: 786.944 Thread 0x000001e01abd5000 16398       3       com.android.ide.common.resources.FileResourceNameValidator::validate (30 bytes)
Event: 786.944 Thread 0x000001e01abd5000 nmethod 16398 0x000001e00622e890 code [0x000001e00622eaa0, 0x000001e00622ee38]
Event: 786.944 Thread 0x000001e01abd5000 16399       3       com.android.ide.common.resources.ResourceSet::processNewResourceFile (42 bytes)
Event: 786.945 Thread 0x000001e01abd5000 nmethod 16399 0x000001e00622f010 code [0x000001e00622f1e0, 0x000001e00622f5b8]
Event: 786.966 Thread 0x000001e01abd5000 16400   !   3       org.apache.xerces.parsers.XML11Configuration::<init> (1065 bytes)
Event: 786.980 Thread 0x000001e01abd5000 nmethod 16400 0x000001e00622f710 code [0x000001e006230600, 0x000001e00623d318]
Event: 787.045 Thread 0x000001e01abd5000 16401       3       com.android.ide.common.resources.configuration.CountryCodeQualifier::checkAndSet (18 bytes)
Event: 787.046 Thread 0x000001e01abd5000 nmethod 16401 0x000001e006240290 code [0x000001e006240480, 0x000001e0062408c8]
Event: 787.046 Thread 0x000001e01abd5000 16402   !   3       com.android.ide.common.resources.configuration.CountryCodeQualifier::getQualifier (48 bytes)
Event: 787.047 Thread 0x000001e01abd5000 nmethod 16402 0x000001e006240a90 code [0x000001e006240ca0, 0x000001e006241158]
Event: 787.149 Thread 0x000001e0213ef000 nmethod 16338 0x000001e00bd9ca90 code [0x000001e00bd9cf00, 0x000001e00bda07f8]
Event: 787.149 Thread 0x000001e0213ef000 16403   !   4       com.android.utils.PositionXmlParser$DomBuilder::startElement (272 bytes)
Event: 787.184 Thread 0x000001e01abd5000 16405   !   3       org.apache.xerces.parsers.AbstractSAXParser::getEntityResolver (61 bytes)
Event: 787.185 Thread 0x000001e01abd5000 nmethod 16405 0x000001e006241390 code [0x000001e0062415e0, 0x000001e0062421f8]
Event: 787.185 Thread 0x000001e01abd5000 16406   !   3       org.apache.xerces.parsers.AbstractSAXParser::setEntityResolver (124 bytes)
Event: 787.187 Thread 0x000001e01abd5000 nmethod 16406 0x000001e006242590 code [0x000001e006242880, 0x000001e006243c68]
Event: 787.289 Thread 0x000001e01abd3800 nmethod 16287 0x000001e00bda2a90 code [0x000001e00bda3280, 0x000001e00bda98e8]
Event: 787.290 Thread 0x000001e01abd3800 16340       4       com.android.ide.common.resources.ResourceMergerItem::getName (5 bytes)
Event: 787.291 Thread 0x000001e01abd3800 nmethod 16340 0x000001e00bdadc90 code [0x000001e00bdade20, 0x000001e00bdade98]
Event: 787.291 Thread 0x000001e01abd3800 16367   !   4       com.android.ide.common.resources.ResourceMergerItem::getKey (204 bytes)

GC Heap History (20 events):
Event: 65.088 GC heap after
{Heap after GC invocations=75 (full 0):
 garbage-first heap   total 172032K, used 118609K [0x0000000080000000, 0x0000000100000000)
  region size 1024K, 4 young (4096K), 4 survivors (4096K)
 Metaspace       used 105644K, capacity 108245K, committed 108544K, reserved 1142784K
  class space    used 13522K, capacity 14463K, committed 14592K, reserved 1048576K
}
Event: 685.426 GC heap before
{Heap before GC invocations=75 (full 0):
 garbage-first heap   total 172032K, used 147281K [0x0000000080000000, 0x0000000100000000)
  region size 1024K, 33 young (33792K), 4 survivors (4096K)
 Metaspace       used 107544K, capacity 110290K, committed 110592K, reserved 1144832K
  class space    used 13751K, capacity 14750K, committed 14848K, reserved 1048576K
}
Event: 685.446 GC heap after
{Heap after GC invocations=76 (full 0):
 garbage-first heap   total 172032K, used 119256K [0x0000000080000000, 0x0000000100000000)
  region size 1024K, 3 young (3072K), 3 survivors (3072K)
 Metaspace       used 107544K, capacity 110290K, committed 110592K, reserved 1144832K
  class space    used 13751K, capacity 14750K, committed 14848K, reserved 1048576K
}
Event: 781.066 GC heap before
{Heap before GC invocations=77 (full 0):
 garbage-first heap   total 172032K, used 147928K [0x0000000080000000, 0x0000000100000000)
  region size 1024K, 32 young (32768K), 3 survivors (3072K)
 Metaspace       used 108179K, capacity 110988K, committed 111232K, reserved 1144832K
  class space    used 13796K, capacity 14859K, committed 14976K, reserved 1048576K
}
Event: 781.086 GC heap after
{Heap after GC invocations=78 (full 0):
 garbage-first heap   total 172032K, used 122441K [0x0000000080000000, 0x0000000100000000)
  region size 1024K, 4 young (4096K), 4 survivors (4096K)
 Metaspace       used 108179K, capacity 110988K, committed 111232K, reserved 1144832K
  class space    used 13796K, capacity 14859K, committed 14976K, reserved 1048576K
}
Event: 782.403 GC heap before
{Heap before GC invocations=78 (full 0):
 garbage-first heap   total 172032K, used 148041K [0x0000000080000000, 0x0000000100000000)
  region size 1024K, 29 young (29696K), 4 survivors (4096K)
 Metaspace       used 109593K, capacity 112566K, committed 112640K, reserved 1146880K
  class space    used 13982K, capacity 15078K, committed 15104K, reserved 1048576K
}
Event: 782.426 GC heap after
{Heap after GC invocations=79 (full 0):
 garbage-first heap   total 172032K, used 125193K [0x0000000080000000, 0x0000000100000000)
  region size 1024K, 3 young (3072K), 3 survivors (3072K)
 Metaspace       used 109593K, capacity 112566K, committed 112640K, reserved 1146880K
  class space    used 13982K, capacity 15078K, committed 15104K, reserved 1048576K
}
Event: 783.749 GC heap before
{Heap before GC invocations=80 (full 0):
 garbage-first heap   total 172032K, used 146697K [0x0000000080000000, 0x0000000100000000)
  region size 1024K, 25 young (25600K), 3 survivors (3072K)
 Metaspace       used 110979K, capacity 114013K, committed 114048K, reserved 1148928K
  class space    used 14108K, capacity 15205K, committed 15232K, reserved 1048576K
}
Event: 783.764 GC heap after
{Heap after GC invocations=81 (full 0):
 garbage-first heap   total 172032K, used 126323K [0x0000000080000000, 0x0000000100000000)
  region size 1024K, 2 young (2048K), 2 survivors (2048K)
 Metaspace       used 110979K, capacity 114013K, committed 114048K, reserved 1148928K
  class space    used 14108K, capacity 15205K, committed 15232K, reserved 1048576K
}
Event: 783.973 GC heap before
{Heap before GC invocations=81 (full 0):
 garbage-first heap   total 172032K, used 131443K [0x0000000080000000, 0x0000000100000000)
  region size 1024K, 8 young (8192K), 2 survivors (2048K)
 Metaspace       used 111008K, capacity 114082K, committed 114304K, reserved 1148928K
  class space    used 14108K, capacity 15205K, committed 15232K, reserved 1048576K
}
Event: 783.984 GC heap after
{Heap after GC invocations=82 (full 0):
 garbage-first heap   total 172032K, used 124054K [0x0000000080000000, 0x0000000100000000)
  region size 1024K, 1 young (1024K), 1 survivors (1024K)
 Metaspace       used 111008K, capacity 114082K, committed 114304K, reserved 1148928K
  class space    used 14108K, capacity 15205K, committed 15232K, reserved 1048576K
}
Event: 785.507 GC heap before
{Heap before GC invocations=82 (full 0):
 garbage-first heap   total 172032K, used 146582K [0x0000000080000000, 0x0000000100000000)
  region size 1024K, 24 young (24576K), 1 survivors (1024K)
 Metaspace       used 112139K, capacity 115149K, committed 115200K, reserved 1148928K
  class space    used 14228K, capacity 15325K, committed 15360K, reserved 1048576K
}
Event: 785.521 GC heap after
{Heap after GC invocations=83 (full 0):
 garbage-first heap   total 172032K, used 127223K [0x0000000080000000, 0x0000000100000000)
  region size 1024K, 3 young (3072K), 3 survivors (3072K)
 Metaspace       used 112139K, capacity 115149K, committed 115200K, reserved 1148928K
  class space    used 14228K, capacity 15325K, committed 15360K, reserved 1048576K
}
Event: 786.544 GC heap before
{Heap before GC invocations=84 (full 0):
 garbage-first heap   total 172032K, used 149751K [0x0000000080000000, 0x0000000100000000)
  region size 1024K, 23 young (23552K), 3 survivors (3072K)
 Metaspace       used 112234K, capacity 115213K, committed 115456K, reserved 1148928K
  class space    used 14228K, capacity 15325K, committed 15360K, reserved 1048576K
}
Event: 786.556 GC heap after
{Heap after GC invocations=85 (full 0):
 garbage-first heap   total 172032K, used 133270K [0x0000000080000000, 0x0000000100000000)
  region size 1024K, 3 young (3072K), 3 survivors (3072K)
 Metaspace       used 112234K, capacity 115213K, committed 115456K, reserved 1148928K
  class space    used 14228K, capacity 15325K, committed 15360K, reserved 1048576K
}
Event: 786.647 GC heap before
{Heap before GC invocations=85 (full 0):
 garbage-first heap   total 172032K, used 138390K [0x0000000080000000, 0x0000000100000000)
  region size 1024K, 8 young (8192K), 3 survivors (3072K)
 Metaspace       used 112240K, capacity 115213K, committed 115456K, reserved 1148928K
  class space    used 14228K, capacity 15325K, committed 15360K, reserved 1048576K
}
Event: 786.659 GC heap after
{Heap after GC invocations=86 (full 0):
 garbage-first heap   total 172032K, used 135972K [0x0000000080000000, 0x0000000100000000)
  region size 1024K, 1 young (1024K), 1 survivors (1024K)
 Metaspace       used 112240K, capacity 115213K, committed 115456K, reserved 1148928K
  class space    used 14228K, capacity 15325K, committed 15360K, reserved 1048576K
}
Event: 786.996 GC heap before
{Heap before GC invocations=86 (full 0):
 garbage-first heap   total 172032K, used 146212K [0x0000000080000000, 0x0000000100000000)
  region size 1024K, 11 young (11264K), 1 survivors (1024K)
 Metaspace       used 112338K, capacity 115277K, committed 115456K, reserved 1148928K
  class space    used 14228K, capacity 15325K, committed 15360K, reserved 1048576K
}
Event: 787.006 GC heap after
{Heap after GC invocations=87 (full 0):
 garbage-first heap   total 172032K, used 139389K [0x0000000080000000, 0x0000000100000000)
  region size 1024K, 2 young (2048K), 2 survivors (2048K)
 Metaspace       used 112338K, capacity 115277K, committed 115456K, reserved 1148928K
  class space    used 14228K, capacity 15325K, committed 15360K, reserved 1048576K
}
Event: 787.297 GC heap before
{Heap before GC invocations=87 (full 0):
 garbage-first heap   total 172032K, used 146557K [0x0000000080000000, 0x0000000100000000)
  region size 1024K, 9 young (9216K), 2 survivors (2048K)
 Metaspace       used 112341K, capacity 115277K, committed 115456K, reserved 1148928K
  class space    used 14228K, capacity 15325K, committed 15360K, reserved 1048576K
}

Deoptimization events (20 events):
Event: 786.061 Thread 0x000001e028301000 DEOPT PACKING pc=0x000001e0050cd2df sp=0x00000076d50f6c40
Event: 786.061 Thread 0x000001e028301000 DEOPT UNPACKING pc=0x000001e003a9a95e sp=0x00000076d50f60c8 mode 0
Event: 786.092 Thread 0x000001e028301000 DEOPT PACKING pc=0x000001e006148a53 sp=0x00000076d50f9fe0
Event: 786.092 Thread 0x000001e028301000 DEOPT UNPACKING pc=0x000001e003a9a95e sp=0x00000076d50f94e0 mode 0
Event: 786.520 Thread 0x000001e028301000 Uncommon trap: trap_request=0xffffff4d fr.pc=0x000001e00bd873d8 relative=0x0000000000000298
Event: 786.520 Thread 0x000001e028301000 Uncommon trap: reason=unstable_if action=reinterpret pc=0x000001e00bd873d8 method=org.apache.xerces.dom.ParentNode.nodeListItem(I)Lorg/w3c/dom/Node; @ 4 c2
Event: 786.520 Thread 0x000001e028301000 DEOPT PACKING pc=0x000001e00bd873d8 sp=0x00000076d50fa670
Event: 786.520 Thread 0x000001e028301000 DEOPT UNPACKING pc=0x000001e003a9a1af sp=0x00000076d50fa5c0 mode 2
Event: 786.560 Thread 0x000001e028301000 Uncommon trap: trap_request=0xffffff4d fr.pc=0x000001e00bd6f9f8 relative=0x00000000000015d8
Event: 786.560 Thread 0x000001e028301000 Uncommon trap: reason=unstable_if action=reinterpret pc=0x000001e00bd6f9f8 method=org.apache.xerces.util.SymbolTable.addSymbol([CII)Ljava/lang/String; @ 59 c2
Event: 786.560 Thread 0x000001e028301000 DEOPT PACKING pc=0x000001e00bd6f9f8 sp=0x00000076d50f9df0
Event: 786.560 Thread 0x000001e028301000 DEOPT UNPACKING pc=0x000001e003a9a1af sp=0x00000076d50f9d38 mode 2
Event: 786.564 Thread 0x000001e028301000 Uncommon trap: trap_request=0xffffff4d fr.pc=0x000001e00bd610e0 relative=0x00000000000006c0
Event: 786.564 Thread 0x000001e028301000 Uncommon trap: reason=unstable_if action=reinterpret pc=0x000001e00bd610e0 method=org.apache.xerces.impl.XMLEntityScanner.scanLiteral(ILorg/apache/xerces/xni/XMLString;)I @ 606 c2
Event: 786.564 Thread 0x000001e028301000 DEOPT PACKING pc=0x000001e00bd610e0 sp=0x00000076d50f9b80
Event: 786.564 Thread 0x000001e028301000 DEOPT UNPACKING pc=0x000001e003a9a1af sp=0x00000076d50f9b08 mode 2
Event: 786.565 Thread 0x000001e028301000 Uncommon trap: trap_request=0xffffff4d fr.pc=0x000001e00bd3a6a0 relative=0x0000000000000460
Event: 786.565 Thread 0x000001e028301000 Uncommon trap: reason=unstable_if action=reinterpret pc=0x000001e00bd3a6a0 method=org.apache.xerces.impl.XMLEntityScanner.scanLiteral(ILorg/apache/xerces/xni/XMLString;)I @ 606 c2
Event: 786.565 Thread 0x000001e028301000 DEOPT PACKING pc=0x000001e00bd3a6a0 sp=0x00000076d50f9b70
Event: 786.565 Thread 0x000001e028301000 DEOPT UNPACKING pc=0x000001e003a9a1af sp=0x00000076d50f9b08 mode 2

Classes redefined (0 events):
No events

Internal exceptions (20 events):
Event: 781.503 Thread 0x000001e01f7bd800 Exception <a 'sun/nio/fs/WindowsException'{0x0000000089fb6908}> (0x0000000089fb6908) thrown at [./src/hotspot/share/prims/jni.cpp, line 615]
Event: 781.569 Thread 0x000001e01f7bd800 Exception <a 'sun/nio/fs/WindowsException'{0x0000000089e5a0d0}> (0x0000000089e5a0d0) thrown at [./src/hotspot/share/prims/jni.cpp, line 615]
Event: 781.570 Thread 0x000001e01f7bd800 Exception <a 'sun/nio/fs/WindowsException'{0x0000000089e5b448}> (0x0000000089e5b448) thrown at [./src/hotspot/share/prims/jni.cpp, line 615]
Event: 781.570 Thread 0x000001e01f7bd800 Exception <a 'sun/nio/fs/WindowsException'{0x0000000089e5c810}> (0x0000000089e5c810) thrown at [./src/hotspot/share/prims/jni.cpp, line 615]
Event: 781.570 Thread 0x000001e01f7bd800 Exception <a 'sun/nio/fs/WindowsException'{0x0000000089e5dbd8}> (0x0000000089e5dbd8) thrown at [./src/hotspot/share/prims/jni.cpp, line 615]
Event: 781.848 Thread 0x000001e01f7bd800 Exception <a 'java/lang/NoSuchMethodError'{0x0000000089a2d370}: 'java.lang.Object java.lang.invoke.Invokers$Holder.linkToTargetMethod(java.lang.Object, int, int, java.lang.Object)'> (0x0000000089a2d370) thrown at [./src/hotspot/share/interpreter/linkResolver.cpp, line 773]
Event: 782.433 Thread 0x000001e028304000 Exception <a 'java/lang/NoSuchMethodError'{0x000000008a741270}: <clinit>> (0x000000008a741270) thrown at [./src/hotspot/share/prims/jni.cpp, line 1365]
Event: 782.439 Thread 0x000001e028304000 Exception <a 'java/lang/NoSuchMethodError'{0x000000008a7633e0}: <clinit>> (0x000000008a7633e0) thrown at [./src/hotspot/share/prims/jni.cpp, line 1365]
Event: 782.448 Thread 0x000001e028304000 Exception <a 'java/lang/NoSuchMethodError'{0x000000008a78eda0}: <clinit>> (0x000000008a78eda0) thrown at [./src/hotspot/share/prims/jni.cpp, line 1365]
Event: 782.452 Thread 0x000001e01f7b8800 Exception <a 'java/lang/NoSuchMethodError'{0x000000008a7a2ca8}: <clinit>> (0x000000008a7a2ca8) thrown at [./src/hotspot/share/prims/jni.cpp, line 1365]
Event: 782.457 Thread 0x000001e028305800 Exception <a 'java/lang/NoSuchMethodError'{0x000000008a7a61b8}: 'java.lang.Object java.lang.invoke.DirectMethodHandle$Holder.invokeInterface(java.lang.Object, java.lang.Object, int)'> (0x000000008a7a61b8) thrown at [./src/hotspot/share/interpreter/linkResolver.cpp, line 773]
Event: 782.463 Thread 0x000001e028305800 Exception <a 'java/lang/NoSuchMethodError'{0x000000008a7b9388}: 'void java.lang.invoke.DirectMethodHandle$Holder.invokeStatic(java.lang.Object, java.lang.Object, java.lang.Object, int)'> (0x000000008a7b9388) thrown at [./src/hotspot/share/interpreter/linkResolver.cpp, line 773]
Event: 782.876 Thread 0x000001e028305800 Implicit null exception at 0x000001e00b7d9377 to 0x000001e00b7d950c
Event: 782.907 Thread 0x000001e01f7b8800 Exception <a 'java/lang/NoSuchMethodError'{0x000000008a291728}: <clinit>> (0x000000008a291728) thrown at [./src/hotspot/share/prims/jni.cpp, line 1365]
Event: 782.944 Thread 0x000001e028305800 Exception <a 'sun/nio/fs/WindowsException'{0x000000008a2c8598}> (0x000000008a2c8598) thrown at [./src/hotspot/share/prims/jni.cpp, line 615]
Event: 782.945 Thread 0x000001e028305800 Exception <a 'sun/nio/fs/WindowsException'{0x000000008a2c9468}> (0x000000008a2c9468) thrown at [./src/hotspot/share/prims/jni.cpp, line 615]
Event: 783.046 Thread 0x000001e02596d800 Exception <a 'sun/nio/fs/WindowsException'{0x000000008a0cdb80}> (0x000000008a0cdb80) thrown at [./src/hotspot/share/prims/jni.cpp, line 615]
Event: 783.345 Thread 0x000001e028e87000 Implicit null exception at 0x000001e00bbbec7b to 0x000001e00bbbece4
Event: 783.683 Thread 0x000001e028306800 Exception <a 'java/lang/NoSuchMethodError'{0x00000000893979e8}: <clinit>> (0x00000000893979e8) thrown at [./src/hotspot/share/prims/jni.cpp, line 1365]
Event: 786.520 Thread 0x000001e028301000 Implicit null exception at 0x000001e00bd87175 to 0x000001e00bd873bc

Events (20 events):
Event: 785.411 Thread 0x000001e01abdb800 flushing nmethod 0x000001e00b596390
Event: 785.420 Thread 0x000001e01abdb800 flushing nmethod 0x000001e003ff0010
Event: 785.420 Thread 0x000001e01abdb800 flushing nmethod 0x000001e003ff0e10
Event: 785.420 Thread 0x000001e01abdb800 flushing nmethod 0x000001e003ff1510
Event: 785.442 Thread 0x000001e01abdb800 flushing nmethod 0x000001e0049cf710
Event: 785.507 Executing VM operation: G1CollectForAllocation
Event: 785.522 Executing VM operation: G1CollectForAllocation done
Event: 785.720 Executing VM operation: CGC_Operation
Event: 785.745 Executing VM operation: CGC_Operation done
Event: 785.836 Executing VM operation: CGC_Operation
Event: 785.836 Executing VM operation: CGC_Operation done
Event: 786.543 Executing VM operation: G1CollectForAllocation
Event: 786.556 Executing VM operation: G1CollectForAllocation done
Event: 786.647 Executing VM operation: G1CollectForAllocation
Event: 786.659 Executing VM operation: G1CollectForAllocation done
Event: 786.996 Executing VM operation: G1CollectForAllocation
Event: 787.006 Executing VM operation: G1CollectForAllocation done
Event: 787.255 Executing VM operation: CGC_Operation
Event: 787.284 Executing VM operation: CGC_Operation done
Event: 787.296 Executing VM operation: G1CollectForAllocation


Dynamic libraries:
0x00007ff664040000 - 0x00007ff66404a000 	C:\Program Files\Android\Android Studio\jre\bin\java.exe
0x00007ffdeff60000 - 0x00007ffdf0169000 	C:\WINDOWS\SYSTEM32\ntdll.dll
0x00007ffdefa90000 - 0x00007ffdefb4d000 	C:\WINDOWS\System32\KERNEL32.DLL
0x00007ffded440000 - 0x00007ffded7bd000 	C:\WINDOWS\System32\KERNELBASE.dll
0x00007ffded960000 - 0x00007ffdeda71000 	C:\WINDOWS\System32\ucrtbase.dll
0x00007ffdd6ba0000 - 0x00007ffdd6bb7000 	C:\Program Files\Android\Android Studio\jre\bin\VCRUNTIME140.dll
0x00007ffdd7ef0000 - 0x00007ffdd7f09000 	C:\Program Files\Android\Android Studio\jre\bin\jli.dll
0x00007ffdeddf0000 - 0x00007ffdedf9d000 	C:\WINDOWS\System32\USER32.dll
0x00007ffded930000 - 0x00007ffded956000 	C:\WINDOWS\System32\win32u.dll
0x00007ffdd8170000 - 0x00007ffdd8415000 	C:\WINDOWS\WinSxS\amd64_microsoft.windows.common-controls_6595b64144ccf1df_6.0.22000.120_none_9d947278b86cc467\COMCTL32.dll
0x00007ffdefd20000 - 0x00007ffdefd49000 	C:\WINDOWS\System32\GDI32.dll
0x00007ffdef4b0000 - 0x00007ffdef553000 	C:\WINDOWS\System32\msvcrt.dll
0x00007ffdeda80000 - 0x00007ffdedb98000 	C:\WINDOWS\System32\gdi32full.dll
0x00007ffdedd50000 - 0x00007ffdedded000 	C:\WINDOWS\System32\msvcp_win.dll
0x00007ffdee200000 - 0x00007ffdee231000 	C:\WINDOWS\System32\IMM32.DLL
0x00007ffdd6950000 - 0x00007ffdd69ed000 	C:\Program Files\Android\Android Studio\jre\bin\msvcp140.dll
0x00007ffd4d2e0000 - 0x00007ffd4ddc5000 	C:\Program Files\Android\Android Studio\jre\bin\server\jvm.dll
0x00007ffdee8e0000 - 0x00007ffdee98e000 	C:\WINDOWS\System32\ADVAPI32.dll
0x00007ffdefc70000 - 0x00007ffdefd0e000 	C:\WINDOWS\System32\sechost.dll
0x00007ffdefb50000 - 0x00007ffdefc70000 	C:\WINDOWS\System32\RPCRT4.dll
0x00007ffdeff10000 - 0x00007ffdeff18000 	C:\WINDOWS\System32\PSAPI.DLL
0x00007ffde4c10000 - 0x00007ffde4c43000 	C:\WINDOWS\SYSTEM32\WINMM.dll
0x00007ffdd73f0000 - 0x00007ffdd73f9000 	C:\WINDOWS\SYSTEM32\WSOCK32.dll
0x00007ffde4e40000 - 0x00007ffde4e4a000 	C:\WINDOWS\SYSTEM32\VERSION.dll
0x00007ffdef440000 - 0x00007ffdef4af000 	C:\WINDOWS\System32\WS2_32.dll
0x00007ffdec5b0000 - 0x00007ffdec5c8000 	C:\WINDOWS\SYSTEM32\kernel.appcore.dll
0x00007ffdd73d0000 - 0x00007ffdd73e1000 	C:\Program Files\Android\Android Studio\jre\bin\verify.dll
0x00007ffdeaf10000 - 0x00007ffdeb131000 	C:\WINDOWS\SYSTEM32\DBGHELP.DLL
0x00007ffdd04a0000 - 0x00007ffdd04d1000 	C:\WINDOWS\SYSTEM32\dbgcore.DLL
0x00007ffdedc10000 - 0x00007ffdedc8f000 	C:\WINDOWS\System32\bcryptPrimitives.dll
0x00007ffdbd120000 - 0x00007ffdbd149000 	C:\Program Files\Android\Android Studio\jre\bin\java.dll
0x00007ffdbd110000 - 0x00007ffdbd11b000 	C:\Program Files\Android\Android Studio\jre\bin\jimage.dll
0x00007ffdbd0f0000 - 0x00007ffdbd108000 	C:\Program Files\Android\Android Studio\jre\bin\zip.dll
0x00007ffdee990000 - 0x00007ffdef148000 	C:\WINDOWS\System32\SHELL32.dll
0x00007ffdeb5b0000 - 0x00007ffdebe18000 	C:\WINDOWS\SYSTEM32\windows.storage.dll
0x00007ffdef590000 - 0x00007ffdef909000 	C:\WINDOWS\System32\combase.dll
0x00007ffdeb440000 - 0x00007ffdeb5a6000 	C:\WINDOWS\SYSTEM32\wintypes.dll
0x00007ffdee2c0000 - 0x00007ffdee3aa000 	C:\WINDOWS\System32\SHCORE.dll
0x00007ffdee3b0000 - 0x00007ffdee40d000 	C:\WINDOWS\System32\shlwapi.dll
0x00007ffded370000 - 0x00007ffded391000 	C:\WINDOWS\SYSTEM32\profapi.dll
0x00007ffdbd0d0000 - 0x00007ffdbd0ea000 	C:\Program Files\Android\Android Studio\jre\bin\net.dll
0x00007ffde6300000 - 0x00007ffde640c000 	C:\WINDOWS\SYSTEM32\WINHTTP.dll
0x00007ffdec9e0000 - 0x00007ffdeca47000 	C:\WINDOWS\system32\mswsock.dll
0x00007ffdbd0b0000 - 0x00007ffdbd0c4000 	C:\Program Files\Android\Android Studio\jre\bin\nio.dll
0x00007ffdd6bc0000 - 0x00007ffdd6be7000 	C:\Users\17134\.gradle\native\e1d6ef7f7dcc3fd88c89a11ec53ec762bb8ba0a96d01ffa2cd45eb1d1d8dd5c5\windows-amd64\native-platform.dll
0x00007ffdba530000 - 0x00007ffdba674000 	C:\Users\17134\.gradle\native\5664cfc778a61ccfe75a443a1ab52a65af34e5dc3c78e0209fed803814484fcb\windows-amd64\native-platform-file-events.dll
0x00007ffdbd0a0000 - 0x00007ffdbd0aa000 	C:\Program Files\Android\Android Studio\jre\bin\management.dll
0x00007ffdbd090000 - 0x00007ffdbd09d000 	C:\Program Files\Android\Android Studio\jre\bin\management_ext.dll
0x00007ffdecc20000 - 0x00007ffdecc38000 	C:\WINDOWS\SYSTEM32\CRYPTSP.dll
0x00007ffdec510000 - 0x00007ffdec545000 	C:\WINDOWS\system32\rsaenh.dll
0x00007ffdecad0000 - 0x00007ffdecaf9000 	C:\WINDOWS\SYSTEM32\USERENV.dll
0x00007ffdece20000 - 0x00007ffdece47000 	C:\WINDOWS\SYSTEM32\bcrypt.dll
0x00007ffdecc40000 - 0x00007ffdecc4c000 	C:\WINDOWS\SYSTEM32\CRYPTBASE.dll
0x00007ffdec0b0000 - 0x00007ffdec0dd000 	C:\WINDOWS\SYSTEM32\IPHLPAPI.DLL
0x00007ffdef560000 - 0x00007ffdef569000 	C:\WINDOWS\System32\NSI.dll
0x00007ffde4e50000 - 0x00007ffde4e69000 	C:\WINDOWS\SYSTEM32\dhcpcsvc6.DLL
0x00007ffde5040000 - 0x00007ffde505e000 	C:\WINDOWS\SYSTEM32\dhcpcsvc.DLL
0x00007ffdec130000 - 0x00007ffdec218000 	C:\WINDOWS\SYSTEM32\DNSAPI.dll
0x00007ffde3c60000 - 0x00007ffde3c87000 	C:\Program Files\Android\Android Studio\jre\bin\sunec.dll
0x00007ffde36d0000 - 0x00007ffde36da000 	C:\Windows\System32\rasadhlp.dll
0x00007ffde3940000 - 0x00007ffde39c1000 	C:\WINDOWS\System32\fwpuclnt.dll

dbghelp: loaded successfully - version: 4.0.5 - missing functions: none
symbol engine: initialized successfully - sym options: 0x614 - pdb path: .;C:\Program Files\Android\Android Studio\jre\bin;C:\WINDOWS\SYSTEM32;C:\WINDOWS\WinSxS\amd64_microsoft.windows.common-controls_6595b64144ccf1df_6.0.22000.120_none_9d947278b86cc467;C:\Program Files\Android\Android Studio\jre\bin\server;C:\Users\17134\.gradle\native\e1d6ef7f7dcc3fd88c89a11ec53ec762bb8ba0a96d01ffa2cd45eb1d1d8dd5c5\windows-amd64;C:\Users\17134\.gradle\native\5664cfc778a61ccfe75a443a1ab52a65af34e5dc3c78e0209fed803814484fcb\windows-amd64

VM Arguments:
jvm_args: --add-opens=java.base/java.util=ALL-UNNAMED --add-opens=java.base/java.lang=ALL-UNNAMED --add-opens=java.base/java.lang.invoke=ALL-UNNAMED --add-opens=java.base/java.util=ALL-UNNAMED --add-opens=java.prefs/java.util.prefs=ALL-UNNAMED --add-opens=java.prefs/java.util.prefs=ALL-UNNAMED --add-opens=java.base/java.nio.charset=ALL-UNNAMED --add-opens=java.base/java.net=ALL-UNNAMED --add-opens=java.base/java.util.concurrent.atomic=ALL-UNNAMED -Xmx2048m -Dfile.encoding=UTF-8 -Duser.country=US -Duser.language=en -Duser.variant 
java_command: org.gradle.launcher.daemon.bootstrap.GradleDaemon 7.3.3
java_class_path (initial): C:\Users\17134\.gradle\wrapper\dists\gradle-7.3.3-bin\6a41zxkdtcxs8rphpq6y0069z\gradle-7.3.3\lib\gradle-launcher-7.3.3.jar
Launcher Type: SUN_STANDARD

[Global flags]
     intx CICompilerCount                          = 4                                         {product} {ergonomic}
     uint ConcGCThreads                            = 2                                         {product} {ergonomic}
     uint G1ConcRefinementThreads                  = 8                                         {product} {ergonomic}
   size_t G1HeapRegionSize                         = 1048576                                   {product} {ergonomic}
    uintx GCDrainStackTargetSize                   = 64                                        {product} {ergonomic}
   size_t InitialHeapSize                          = 100663296                                 {product} {ergonomic}
   size_t MarkStackSize                            = 4194304                                   {product} {ergonomic}
   size_t MaxHeapSize                              = 2147483648                                {product} {command line}
   size_t MaxNewSize                               = 1287651328                                {product} {ergonomic}
   size_t MinHeapDeltaBytes                        = 1048576                                   {product} {ergonomic}
    uintx NonNMethodCodeHeapSize                   = 5836300                                {pd product} {ergonomic}
    uintx NonProfiledCodeHeapSize                  = 122910970                              {pd product} {ergonomic}
    uintx ProfiledCodeHeapSize                     = 122910970                              {pd product} {ergonomic}
    uintx ReservedCodeCacheSize                    = 251658240                              {pd product} {ergonomic}
     bool SegmentedCodeCache                       = true                                      {product} {ergonomic}
     bool UseCompressedClassPointers               = true                                 {lp64_product} {ergonomic}
     bool UseCompressedOops                        = true                                 {lp64_product} {ergonomic}
     bool UseG1GC                                  = true                                      {product} {ergonomic}
     bool UseLargePagesIndividualAllocation        = false                                  {pd product} {ergonomic}

Logging:
Log output configuration:
 #0: stdout all=warning uptime,level,tags
 #1: stderr all=off uptime,level,tags

Environment Variables:
PATH=C:\Program Files (x86)\Common Files\Intel\Shared Libraries\redist\intel64\compiler;C:\WINDOWS\system32;C:\WINDOWS;C:\WINDOWS\System32\Wbem;C:\WINDOWS\System32\WindowsPowerShell\v1.0\;C:\WINDOWS\System32\OpenSSH\;C:\Program Files\dotnet\;C:\Program Files\Git LFS;C:\Program Files\Git\cmd;C:\MinGW\bin;C:\Program Files\nodejs\;C:\ProgramData\chocolatey\bin;C:\Users\17134\AppData\Local\Microsoft\WindowsApps;C:\Users\17134\AppData\Local\atom\bin;C:\Users\17134\AppData\Local\GitHubDesktop\bin;C:\Users\17134\AppData\Local\Programs\Python\Python310;C:\Users\17134\AppData\Local\Programs\Python\Python310\Scripts;C:\Users\17134\AppData\Roaming\npm
USERNAME=17134
OS=Windows_NT
PROCESSOR_IDENTIFIER=AMD64 Family 23 Model 24 Stepping 1, AuthenticAMD



---------------  S Y S T E M  ---------------

OS: Windows 10 , 64 bit Build 22000 (10.0.22000.708)
OS uptime: 0 days 1:22 hours

CPU:total 8 (initial active 8) (8 cores per cpu, 2 threads per core) family 23 model 24 stepping 1 microcode 0x0, cmov, cx8, fxsr, mmx, sse, sse2, sse3, ssse3, sse4.1, sse4.2, popcnt, avx, avx2, aes, clmul, mmxext, 3dnowpref, lzcnt, sse4a, ht, tsc, tscinvbit, tscinv, bmi1, bmi2, adx, sha, fma

Memory: 4k page, system-wide physical 6058M (454M free)
TotalPageFile size 15786M (AvailPageFile size 5809M)
current process WorkingSet (physical memory assigned to process): 494M, peak: 494M
current process commit charge ("private bytes"): 532M, peak: 532M

vm_info: OpenJDK 64-Bit Server VM (11.0.12+7-b1504.28-7817840) for windows-amd64 JRE (11.0.12+7-b1504.28-7817840), built on Oct 13 2021 22:12:33 by "builder" with MS VC++ 14.0 (VS2015)

END.
